Log file open, 01/29/22 10:58:26
LogWindows: Failed to load 'aqProf.dll' (GetLastError=126)
LogWindows: File 'aqProf.dll' does not exist
LogWindows: Failed to load 'VtuneApi.dll' (GetLastError=126)
LogWindows: File 'VtuneApi.dll' does not exist
LogWindows: Failed to load 'VtuneApi32e.dll' (GetLastError=126)
LogWindows: File 'VtuneApi32e.dll' does not exist
LogConsoleResponse: Display: Failed to find resolution value strings in scalability ini. Falling back to default.
LogInit: Display: Running engine for game: MazeGame
LogPakFile: Registered encryption key '00000000000000000000000000000000': 0 pak files mounted, 0 remain pending
LogPlatformFile: Not using cached read wrapper
LogTaskGraph: Started task graph with 5 named threads and 14 total threads with 3 sets of task threads.
LogStats: Stats thread started at 0.228370
LogD3D11RHI: Loaded GFSDK_Aftermath_Lib.x64.dll
LogICUInternationalization: ICU TimeZone Detection - Raw Offset: +2:00, Platform Override: ''
LogPluginManager: Mounting plugin Paper2D
LogPluginManager: Mounting plugin AISupport
LogPluginManager: Mounting plugin LightPropagationVolume
LogPluginManager: Mounting plugin ActorLayerUtilities
LogPluginManager: Mounting plugin AnimationSharing
LogPluginManager: Mounting plugin CLionSourceCodeAccess
LogPluginManager: Mounting plugin CodeLiteSourceCodeAccess
LogPluginManager: Mounting plugin GitSourceControl
LogPluginManager: Mounting plugin KDevelopSourceCodeAccess
LogPluginManager: Mounting plugin NullSourceCodeAccess
LogPluginManager: Mounting plugin PerforceSourceControl
LogPluginManager: Mounting plugin SubversionSourceControl
LogPluginManager: Mounting plugin UObjectPlugin
LogPluginManager: Mounting plugin VisualStudioCodeSourceCodeAccess
LogPluginManager: Mounting plugin VisualStudioSourceCodeAccess
LogPluginManager: Mounting plugin XCodeSourceCodeAccess
LogPluginManager: Mounting plugin AssetManagerEditor
LogPluginManager: Mounting plugin CryptoKeys
LogPluginManager: Mounting plugin DataValidation
LogPluginManager: Mounting plugin FacialAnimation
LogPluginManager: Mounting plugin GameplayTagsEditor
LogPluginManager: Mounting plugin MacGraphicsSwitching
LogPluginManager: Mounting plugin MaterialAnalyzer
LogPluginManager: Mounting plugin MobileLauncherProfileWizard
LogPluginManager: Mounting plugin PluginBrowser
LogPluginManager: Mounting plugin SpeedTreeImporter
LogPluginManager: Mounting plugin DatasmithContent
LogPluginManager: Mounting plugin VariantManagerContent
LogPluginManager: Mounting plugin AlembicImporter
LogPluginManager: Mounting plugin AppleImageUtils
LogPluginManager: Mounting plugin AppleVision
LogPluginManager: Mounting plugin BackChannel
LogPluginManager: Mounting plugin CharacterAI
LogPluginManager: Mounting plugin GeometryCache
LogPluginManager: Mounting plugin HTML5Networking
LogPluginManager: Mounting plugin ProxyLODPlugin
LogPluginManager: Mounting plugin SkeletalReduction
LogPluginManager: Mounting plugin MagicLeap
LogPluginManager: Mounting plugin MagicLeapMedia
LogPluginManager: Mounting plugin AndroidMedia
LogPluginManager: Mounting plugin AvfMedia
LogPluginManager: Mounting plugin ImgMedia
LogPluginManager: Mounting plugin LinearTimecode
LogPluginManager: Mounting plugin MediaCompositing
LogPluginManager: Mounting plugin MediaPlayerEditor
LogPluginManager: Mounting plugin WebMMedia
LogPluginManager: Mounting plugin WmfMedia
LogPluginManager: Mounting plugin TcpMessaging
LogPluginManager: Mounting plugin UdpMessaging
LogPluginManager: Mounting plugin ActorSequence
LogPluginManager: Mounting plugin LevelSequenceEditor
LogPluginManager: Mounting plugin MatineeToLevelSequence
LogPluginManager: Mounting plugin NetcodeUnitTest
LogPluginManager: Mounting plugin NUTUnrealEngine4
LogPluginManager: Mounting plugin OnlineSubsystemGooglePlay
LogPluginManager: Mounting plugin OnlineSubsystemIOS
LogPluginManager: Mounting plugin OnlineSubsystem
LogPluginManager: Mounting plugin OnlineSubsystemNull
LogPluginManager: Mounting plugin OnlineSubsystemUtils
LogPluginManager: Mounting plugin LauncherChunkInstaller
LogPluginManager: Mounting plugin AndroidDeviceProfileSelector
LogPluginManager: Mounting plugin AndroidMoviePlayer
LogPluginManager: Mounting plugin AndroidPermission
LogPluginManager: Mounting plugin AppleMoviePlayer
LogPluginManager: Mounting plugin ArchVisCharacter
LogPluginManager: Mounting plugin AudioCapture
LogPluginManager: Mounting plugin CableComponent
LogPluginManager: Mounting plugin CustomMeshComponent
LogPluginManager: Mounting plugin EditableMesh
LogPluginManager: Mounting plugin ExampleDeviceProfileSelector
LogPluginManager: Mounting plugin Firebase
LogPluginManager: Mounting plugin GoogleCloudMessaging
LogPluginManager: Mounting plugin IOSDeviceProfileSelector
LogPluginManager: Mounting plugin LinuxDeviceProfileSelector
LogPluginManager: Mounting plugin LocationServicesBPLibrary
LogPluginManager: Mounting plugin MobilePatchingUtils
LogPluginManager: Mounting plugin OculusVR
LogPluginManager: Mounting plugin PhysXVehicles
LogPluginManager: Mounting plugin ProceduralMeshComponent
LogPluginManager: Mounting plugin RuntimePhysXCooking
LogPluginManager: Mounting plugin SignificanceManager
LogPluginManager: Mounting plugin SteamVR
LogPluginManager: Mounting plugin WebMMoviePlayer
LogPluginManager: Mounting plugin WindowsMoviePlayer
LogInit: Using libcurl 7.55.1-DEV
LogInit:  - built for x86_64-pc-win32
LogInit:  - supports SSL with OpenSSL/1.1.1
LogInit:  - supports HTTP deflate (compression) using libz 1.2.8
LogInit:  - other features:
LogInit:      CURL_VERSION_SSL
LogInit:      CURL_VERSION_LIBZ
LogInit:      CURL_VERSION_IPV6
LogInit:      CURL_VERSION_ASYNCHDNS
LogInit:      CURL_VERSION_LARGEFILE
LogInit:      CURL_VERSION_IDN
LogInit:  CurlRequestOptions (configurable via config and command line):
LogInit:  - bVerifyPeer = true  - Libcurl will verify peer certificate
LogInit:  - bUseHttpProxy = false  - Libcurl will NOT use HTTP proxy
LogInit:  - bDontReuseConnections = false  - Libcurl will reuse connections
LogInit:  - MaxHostConnections = 16  - Libcurl will limit the number of connections to a host
LogInit:  - LocalHostAddr = Default
LogInit:  - BufferSize = 65536
LogInit: WinSock: version 1.1 (2.2), MaxSocks=32767, MaxUdp=65467
LogInit: Build: ++UE4+Release-4.22-CL-7053642
LogInit: Engine Version: 4.22.3-7053642+++UE4+Release-4.22
LogInit: Compatible Engine Version: 4.22.0-5660361+++UE4+Release-4.22
LogInit: Net CL: 5660361
LogInit: OS: Windows 10 (Release 2004) (), CPU: Intel(R) Core(TM) i5-7500 CPU @ 3.40GHz, GPU: NVIDIA GeForce GTX 1060 6GB
LogInit: Compiled (64-bit): Jun 18 2019 03:09:11
LogInit: Compiled with Visual C++: 19.16.27025.01
LogInit: Build Configuration: Development
LogInit: Branch Name: ++UE4+Release-4.22
LogInit: Command Line: 
LogInit: Base Directory: C:/Program Files/Epic Games/UE_4.22/Engine/Binaries/Win64/
LogInit: Installed Engine Build: 1
LogDevObjectVersion: Number of dev versions registered: 23
LogDevObjectVersion:   Dev-Blueprints (B0D832E4-1F89-4F0D-ACCF-7EB736FD4AA2): 10
LogDevObjectVersion:   Dev-Build (E1C64328-A22C-4D53-A36C-8E866417BD8C): 0
LogDevObjectVersion:   Dev-Core (375EC13C-06E4-48FB-B500-84F0262A717E): 3
LogDevObjectVersion:   Dev-Editor (E4B068ED-F494-42E9-A231-DA0B2E46BB41): 30
LogDevObjectVersion:   Dev-Framework (CFFC743F-43B0-4480-9391-14DF171D2073): 35
LogDevObjectVersion:   Dev-Mobile (B02B49B5-BB20-44E9-A304-32B752E40360): 2
LogDevObjectVersion:   Dev-Networking (A4E4105C-59A1-49B5-A7C5-40C4547EDFEE): 0
LogDevObjectVersion:   Dev-Online (39C831C9-5AE6-47DC-9A44-9C173E1C8E7C): 0
LogDevObjectVersion:   Dev-Physics (78F01B33-EBEA-4F98-B9B4-84EACCB95AA2): 0
LogDevObjectVersion:   Dev-Platform (6631380F-2D4D-43E0-8009-CF276956A95A): 0
LogDevObjectVersion:   Dev-Rendering (12F88B9F-8875-4AFC-A67C-D90C383ABD29): 28
LogDevObjectVersion:   Dev-Sequencer (7B5AE74C-D270-4C10-A958-57980B212A5A): 11
LogDevObjectVersion:   Dev-VR (D7296918-1DD6-4BDD-9DE2-64A83CC13884): 2
LogDevObjectVersion:   Dev-LoadTimes (C2A15278-BFE7-4AFE-6C17-90FF531DF755): 1
LogDevObjectVersion:   Private-Geometry (6EACA3D4-40EC-4CC1-B786-8BED09428FC5): 3
LogDevObjectVersion:   Dev-AnimPhys (29E575DD-E0A3-4627-9D10-D276232CDCEA): 17
LogDevObjectVersion:   Dev-Anim (AF43A65D-7FD3-4947-9873-3E8ED9C1BB05): 2
LogDevObjectVersion:   Dev-ReflectionCapture (6B266CEC-1EC7-4B8F-A30B-E4D90942FC07): 1
LogDevObjectVersion:   Dev-Automation (0DF73D61-A23F-47EA-B727-89E90C41499A): 1
LogDevObjectVersion:   FortniteMain (601D1886-AC64-4F84-AA16-D3DE0DEAC7D6): 25
LogDevObjectVersion:   Dev-Enterprise (9DFFBCD6-494F-0158-E221-12823C92A888): 6
LogDevObjectVersion:   Dev-Niagara (F2AED0AC-9AFE-416F-8664-AA7FFA26D6FC): 1
LogDevObjectVersion:   Dev-Destruction (174F1F0B-B4C6-45A5-B13F-2EE8D0FB917D): 2
LogInit: Presizing for max 16777216 objects, including 0 objects not considered by GC, pre-allocating 0 bytes for permanent pool.
LogInit: Object subsystem initialized
LogConfig: Setting CVar [[con.DebugEarlyDefault:1]]
LogConfig: Setting CVar [[r.setres:1280x720]]
[2022.01.29-08.58.27:211][  0]LogConfig: Setting CVar [[r.VSync:0]]
[2022.01.29-08.58.27:211][  0]LogConfig: Setting CVar [[r.RHICmdBypass:0]]
[2022.01.29-08.58.27:211][  0]LogConfig: Applying CVar settings from Section [/Script/Engine.RendererSettings] File [C:/Users/Andrew/Projects/Unreal/MazeGame/Saved/Config/Windows/Engine.ini]
[2022.01.29-08.58.27:211][  0]LogConfig: Setting CVar [[r.GPUCrashDebugging:0]]
[2022.01.29-08.58.27:211][  0]LogConfig: Setting CVar [[r.DefaultFeature.AutoExposure.ExtendDefaultLuminanceRange:1]]
[2022.01.29-08.58.27:212][  0]LogConfig: Setting CVar [[r.DefaultFeature.AutoExposure:0]]
[2022.01.29-08.58.27:212][  0]LogConfig: Applying CVar settings from Section [/Script/Engine.RendererOverrideSettings] File [C:/Users/Andrew/Projects/Unreal/MazeGame/Saved/Config/Windows/Engine.ini]
[2022.01.29-08.58.27:212][  0]LogConfig: Applying CVar settings from Section [/Script/Engine.StreamingSettings] File [C:/Users/Andrew/Projects/Unreal/MazeGame/Saved/Config/Windows/Engine.ini]
[2022.01.29-08.58.27:212][  0]LogConfig: Setting CVar [[s.MinBulkDataSizeForAsyncLoading:131072]]
[2022.01.29-08.58.27:212][  0]LogConfig: Setting CVar [[s.AsyncLoadingThreadEnabled:0]]
[2022.01.29-08.58.27:212][  0]LogConfig: Setting CVar [[s.EventDrivenLoaderEnabled:1]]
[2022.01.29-08.58.27:212][  0]LogConfig: Setting CVar [[s.WarnIfTimeLimitExceeded:0]]
[2022.01.29-08.58.27:212][  0]LogConfig: Setting CVar [[s.TimeLimitExceededMultiplier:1.5]]
[2022.01.29-08.58.27:212][  0]LogConfig: Setting CVar [[s.TimeLimitExceededMinTime:0.005]]
[2022.01.29-08.58.27:212][  0]LogConfig: Setting CVar [[s.UseBackgroundLevelStreaming:1]]
[2022.01.29-08.58.27:212][  0]LogConfig: Setting CVar [[s.PriorityAsyncLoadingExtraTime:15.0]]
[2022.01.29-08.58.27:212][  0]LogConfig: Setting CVar [[s.LevelStreamingActorsUpdateTimeLimit:5.0]]
[2022.01.29-08.58.27:212][  0]LogConfig: Setting CVar [[s.PriorityLevelStreamingActorsUpdateExtraTime:5.0]]
[2022.01.29-08.58.27:212][  0]LogConfig: Setting CVar [[s.LevelStreamingComponentsRegistrationGranularity:10]]
[2022.01.29-08.58.27:212][  0]LogConfig: Setting CVar [[s.UnregisterComponentsTimeLimit:1.0]]
[2022.01.29-08.58.27:212][  0]LogConfig: Setting CVar [[s.LevelStreamingComponentsUnregistrationGranularity:5]]
[2022.01.29-08.58.27:212][  0]LogConfig: Applying CVar settings from Section [/Script/Engine.GarbageCollectionSettings] File [C:/Users/Andrew/Projects/Unreal/MazeGame/Saved/Config/Windows/Engine.ini]
[2022.01.29-08.58.27:212][  0]LogConfig: Setting CVar [[gc.MaxObjectsNotConsideredByGC:1]]
[2022.01.29-08.58.27:212][  0]LogConfig: Setting CVar [[gc.SizeOfPermanentObjectPool:0]]
[2022.01.29-08.58.27:212][  0]LogConfig: Setting CVar [[gc.FlushStreamingOnGC:0]]
[2022.01.29-08.58.27:212][  0]LogConfig: Setting CVar [[gc.NumRetriesBeforeForcingGC:10]]
[2022.01.29-08.58.27:212][  0]LogConfig: Setting CVar [[gc.AllowParallelGC:1]]
[2022.01.29-08.58.27:212][  0]LogConfig: Setting CVar [[gc.TimeBetweenPurgingPendingKillObjects:61.1]]
[2022.01.29-08.58.27:212][  0]LogConfig: Setting CVar [[gc.MaxObjectsInEditor:16777216]]
[2022.01.29-08.58.27:212][  0]LogConfig: Setting CVar [[gc.IncrementalBeginDestroyEnabled:1]]
[2022.01.29-08.58.27:212][  0]LogConfig: Setting CVar [[gc.CreateGCClusters:1]]
[2022.01.29-08.58.27:212][  0]LogConfig: Setting CVar [[gc.MinGCClusterSize:5]]
[2022.01.29-08.58.27:212][  0]LogConfig: Setting CVar [[gc.ActorClusteringEnabled:0]]
[2022.01.29-08.58.27:212][  0]LogConfig: Setting CVar [[gc.BlueprintClusteringEnabled:0]]
[2022.01.29-08.58.27:212][  0]LogConfig: Setting CVar [[gc.UseDisregardForGCOnDedicatedServers:0]]
[2022.01.29-08.58.27:212][  0]LogConfig: Applying CVar settings from Section [/Script/Engine.NetworkSettings] File [C:/Users/Andrew/Projects/Unreal/MazeGame/Saved/Config/Windows/Engine.ini]
[2022.01.29-08.58.27:212][  0]LogConfig: Applying CVar settings from Section [/Script/UnrealEd.CookerSettings] File [C:/Users/Andrew/Projects/Unreal/MazeGame/Saved/Config/Windows/Engine.ini]
[2022.01.29-08.58.27:217][  0]LogConfig: Applying CVar settings from Section [ViewDistanceQuality@3] File [C:/Users/Andrew/Projects/Unreal/MazeGame/Saved/Config/Windows/Scalability.ini]
[2022.01.29-08.58.27:217][  0]LogConfig: Setting CVar [[r.SkeletalMeshLODBias:0]]
[2022.01.29-08.58.27:217][  0]LogConfig: Setting CVar [[r.ViewDistanceScale:1.0]]
[2022.01.29-08.58.27:218][  0]LogConfig: Applying CVar settings from Section [AntiAliasingQuality@3] File [C:/Users/Andrew/Projects/Unreal/MazeGame/Saved/Config/Windows/Scalability.ini]
[2022.01.29-08.58.27:218][  0]LogConfig: Setting CVar [[r.PostProcessAAQuality:4]]
[2022.01.29-08.58.27:218][  0]LogConfig: Applying CVar settings from Section [ShadowQuality@3] File [C:/Users/Andrew/Projects/Unreal/MazeGame/Saved/Config/Windows/Scalability.ini]
[2022.01.29-08.58.27:218][  0]LogConfig: Setting CVar [[r.LightFunctionQuality:1]]
[2022.01.29-08.58.27:218][  0]LogConfig: Setting CVar [[r.ShadowQuality:5]]
[2022.01.29-08.58.27:218][  0]LogConfig: Setting CVar [[r.Shadow.CSM.MaxCascades:10]]
[2022.01.29-08.58.27:218][  0]LogConfig: Setting CVar [[r.Shadow.MaxResolution:2048]]
[2022.01.29-08.58.27:218][  0]LogConfig: Setting CVar [[r.Shadow.MaxCSMResolution:2048]]
[2022.01.29-08.58.27:218][  0]LogConfig: Setting CVar [[r.Shadow.RadiusThreshold:0.01]]
[2022.01.29-08.58.27:218][  0]LogConfig: Setting CVar [[r.Shadow.DistanceScale:1.0]]
[2022.01.29-08.58.27:218][  0]LogConfig: Setting CVar [[r.Shadow.CSM.TransitionScale:1.0]]
[2022.01.29-08.58.27:218][  0]LogConfig: Setting CVar [[r.Shadow.PreShadowResolutionFactor:1.0]]
[2022.01.29-08.58.27:218][  0]LogConfig: Setting CVar [[r.DistanceFieldShadowing:1]]
[2022.01.29-08.58.27:218][  0]LogConfig: Setting CVar [[r.DistanceFieldAO:1]]
[2022.01.29-08.58.27:218][  0]LogConfig: Setting CVar [[r.AOQuality:2]]
[2022.01.29-08.58.27:218][  0]LogConfig: Setting CVar [[r.VolumetricFog:1]]
[2022.01.29-08.58.27:218][  0]LogConfig: Setting CVar [[r.VolumetricFog.GridPixelSize:8]]
[2022.01.29-08.58.27:218][  0]LogConfig: Setting CVar [[r.VolumetricFog.GridSizeZ:128]]
[2022.01.29-08.58.27:218][  0]LogConfig: Setting CVar [[r.VolumetricFog.HistoryMissSupersampleCount:4]]
[2022.01.29-08.58.27:218][  0]LogConfig: Setting CVar [[r.LightMaxDrawDistanceScale:1]]
[2022.01.29-08.58.27:218][  0]LogConfig: Setting CVar [[r.CapsuleShadows:1]]
[2022.01.29-08.58.27:218][  0]LogConfig: Applying CVar settings from Section [PostProcessQuality@3] File [C:/Users/Andrew/Projects/Unreal/MazeGame/Saved/Config/Windows/Scalability.ini]
[2022.01.29-08.58.27:218][  0]LogConfig: Setting CVar [[r.MotionBlurQuality:4]]
[2022.01.29-08.58.27:218][  0]LogConfig: Setting CVar [[r.AmbientOcclusionMipLevelFactor:0.4]]
[2022.01.29-08.58.27:218][  0]LogConfig: Setting CVar [[r.AmbientOcclusionMaxQuality:100]]
[2022.01.29-08.58.27:218][  0]LogConfig: Setting CVar [[r.AmbientOcclusionLevels:-1]]
[2022.01.29-08.58.27:218][  0]LogConfig: Setting CVar [[r.AmbientOcclusionRadiusScale:1.0]]
[2022.01.29-08.58.27:218][  0]LogConfig: Setting CVar [[r.DepthOfFieldQuality:2]]
[2022.01.29-08.58.27:218][  0]LogConfig: Setting CVar [[r.RenderTargetPoolMin:400]]
[2022.01.29-08.58.27:218][  0]LogConfig: Setting CVar [[r.LensFlareQuality:2]]
[2022.01.29-08.58.27:218][  0]LogConfig: Setting CVar [[r.SceneColorFringeQuality:1]]
[2022.01.29-08.58.27:218][  0]LogConfig: Setting CVar [[r.EyeAdaptationQuality:2]]
[2022.01.29-08.58.27:219][  0]LogConfig: Setting CVar [[r.BloomQuality:5]]
[2022.01.29-08.58.27:219][  0]LogConfig: Setting CVar [[r.FastBlurThreshold:100]]
[2022.01.29-08.58.27:219][  0]LogConfig: Setting CVar [[r.Upscale.Quality:3]]
[2022.01.29-08.58.27:219][  0]LogConfig: Setting CVar [[r.Tonemapper.GrainQuantization:1]]
[2022.01.29-08.58.27:219][  0]LogConfig: Setting CVar [[r.LightShaftQuality:1]]
[2022.01.29-08.58.27:219][  0]LogConfig: Setting CVar [[r.Filter.SizeScale:1]]
[2022.01.29-08.58.27:219][  0]LogConfig: Setting CVar [[r.Tonemapper.Quality:5]]
[2022.01.29-08.58.27:219][  0]LogConfig: Setting CVar [[r.DOF.Gather.AccumulatorQuality:1        ; higher gathering accumulator quality]]
[2022.01.29-08.58.27:219][  0]LogConfig: Setting CVar [[r.DOF.Gather.PostfilterMethod:1          ; Median3x3 postfilering method]]
[2022.01.29-08.58.27:219][  0]LogConfig: Setting CVar [[r.DOF.Gather.EnableBokehSettings:0       ; no bokeh simulation when gathering]]
[2022.01.29-08.58.27:219][  0]LogConfig: Setting CVar [[r.DOF.Gather.RingCount:4                 ; medium number of samples when gathering]]
[2022.01.29-08.58.27:219][  0]LogConfig: Setting CVar [[r.DOF.Scatter.ForegroundCompositing:1    ; additive foreground scattering]]
[2022.01.29-08.58.27:219][  0]LogConfig: Setting CVar [[r.DOF.Scatter.BackgroundCompositing:2    ; additive background scattering]]
[2022.01.29-08.58.27:219][  0]LogConfig: Setting CVar [[r.DOF.Scatter.EnableBokehSettings:1      ; bokeh simulation when scattering]]
[2022.01.29-08.58.27:219][  0]LogConfig: Setting CVar [[r.DOF.Scatter.MaxSpriteRatio:0.1         ; only a maximum of 10% of scattered bokeh]]
[2022.01.29-08.58.27:219][  0]LogConfig: Setting CVar [[r.DOF.Recombine.Quality:1                ; cheap slight out of focus]]
[2022.01.29-08.58.27:219][  0]LogConfig: Setting CVar [[r.DOF.Recombine.EnableBokehSettings:0    ; no bokeh simulation on slight out of focus]]
[2022.01.29-08.58.27:219][  0]LogConfig: Setting CVar [[r.DOF.TemporalAAQuality:1                ; more stable temporal accumulation]]
[2022.01.29-08.58.27:219][  0]LogConfig: Setting CVar [[r.DOF.Kernel.MaxForegroundRadius:0.025]]
[2022.01.29-08.58.27:219][  0]LogConfig: Setting CVar [[r.DOF.Kernel.MaxBackgroundRadius:0.025]]
[2022.01.29-08.58.27:219][  0]LogConfig: Applying CVar settings from Section [TextureQuality@3] File [C:/Users/Andrew/Projects/Unreal/MazeGame/Saved/Config/Windows/Scalability.ini]
[2022.01.29-08.58.27:219][  0]LogConfig: Setting CVar [[r.Streaming.MipBias:0]]
[2022.01.29-08.58.27:219][  0]LogConfig: Setting CVar [[r.Streaming.AmortizeCPUToGPUCopy:0]]
[2022.01.29-08.58.27:219][  0]LogConfig: Setting CVar [[r.Streaming.MaxNumTexturesToStreamPerFrame:0]]
[2022.01.29-08.58.27:219][  0]LogConfig: Setting CVar [[r.Streaming.Boost:1]]
[2022.01.29-08.58.27:219][  0]LogConfig: Setting CVar [[r.MaxAnisotropy:8]]
[2022.01.29-08.58.27:219][  0]LogConfig: Setting CVar [[r.Streaming.LimitPoolSizeToVRAM:0]]
[2022.01.29-08.58.27:219][  0]LogConfig: Setting CVar [[r.Streaming.PoolSize:1000]]
[2022.01.29-08.58.27:219][  0]LogConfig: Setting CVar [[r.Streaming.MaxEffectiveScreenSize:0]]
[2022.01.29-08.58.27:219][  0]LogConfig: Applying CVar settings from Section [EffectsQuality@3] File [C:/Users/Andrew/Projects/Unreal/MazeGame/Saved/Config/Windows/Scalability.ini]
[2022.01.29-08.58.27:219][  0]LogConfig: Setting CVar [[r.TranslucencyLightingVolumeDim:64]]
[2022.01.29-08.58.27:219][  0]LogConfig: Setting CVar [[r.RefractionQuality:2]]
[2022.01.29-08.58.27:219][  0]LogConfig: Setting CVar [[r.SSR.Quality:3]]
[2022.01.29-08.58.27:219][  0]LogConfig: Setting CVar [[r.SceneColorFormat:4]]
[2022.01.29-08.58.27:220][  0]LogConfig: Setting CVar [[r.DetailMode:2]]
[2022.01.29-08.58.27:220][  0]LogConfig: Setting CVar [[r.TranslucencyVolumeBlur:1]]
[2022.01.29-08.58.27:220][  0]LogConfig: Setting CVar [[r.MaterialQualityLevel:1 ; High quality]]
[2022.01.29-08.58.27:220][  0]LogConfig: Setting CVar [[r.SSS.Scale:1]]
[2022.01.29-08.58.27:220][  0]LogConfig: Setting CVar [[r.SSS.SampleSet:2]]
[2022.01.29-08.58.27:220][  0]LogConfig: Setting CVar [[r.SSS.Quality:1]]
[2022.01.29-08.58.27:220][  0]LogConfig: Setting CVar [[r.SSS.HalfRes:1]]
[2022.01.29-08.58.27:220][  0]LogConfig: Setting CVar [[r.EmitterSpawnRateScale:1.0]]
[2022.01.29-08.58.27:220][  0]LogConfig: Setting CVar [[r.ParticleLightQuality:2]]
[2022.01.29-08.58.27:220][  0]LogConfig: Applying CVar settings from Section [FoliageQuality@3] File [C:/Users/Andrew/Projects/Unreal/MazeGame/Saved/Config/Windows/Scalability.ini]
[2022.01.29-08.58.27:220][  0]LogConfig: Setting CVar [[foliage.DensityScale:1.0]]
[2022.01.29-08.58.27:220][  0]LogConfig: Setting CVar [[grass.DensityScale:1.0]]
[2022.01.29-08.58.27:220][  0]LogInit: Selected Device Profile: [Windows]
[2022.01.29-08.58.27:220][  0]LogInit: Applying CVar settings loaded from the selected device profile: [Windows]
[2022.01.29-08.58.27:237][  0]LogHAL: Display: Platform has ~ 16 GB [17114763264 / 17179869184 / 16], which maps to Larger [LargestMinGB=32, LargerMinGB=12, DefaultMinGB=8, SmallerMinGB=6, SmallestMinGB=0)
[2022.01.29-08.58.27:237][  0]LogConfig: Setting CVar [[r.Vulkan.UseRealUBs:0		; Required until we fix HLR fall-out]]
[2022.01.29-08.58.27:237][  0]LogInit: Going up to parent DeviceProfile []
[2022.01.29-08.58.27:237][  0]LogConfig: Applying CVar settings from Section [ViewDistanceQuality@3] File [C:/Users/Andrew/Projects/Unreal/MazeGame/Saved/Config/Windows/Scalability.ini]
[2022.01.29-08.58.27:237][  0]LogConfig: Setting CVar [[r.SkeletalMeshLODBias:0]]
[2022.01.29-08.58.27:238][  0]LogConfig: Setting CVar [[r.ViewDistanceScale:1.0]]
[2022.01.29-08.58.27:238][  0]LogConfig: Applying CVar settings from Section [AntiAliasingQuality@3] File [C:/Users/Andrew/Projects/Unreal/MazeGame/Saved/Config/Windows/Scalability.ini]
[2022.01.29-08.58.27:238][  0]LogConfig: Setting CVar [[r.PostProcessAAQuality:4]]
[2022.01.29-08.58.27:238][  0]LogConfig: Applying CVar settings from Section [ShadowQuality@3] File [C:/Users/Andrew/Projects/Unreal/MazeGame/Saved/Config/Windows/Scalability.ini]
[2022.01.29-08.58.27:238][  0]LogConfig: Setting CVar [[r.LightFunctionQuality:1]]
[2022.01.29-08.58.27:238][  0]LogConfig: Setting CVar [[r.ShadowQuality:5]]
[2022.01.29-08.58.27:238][  0]LogConfig: Setting CVar [[r.Shadow.CSM.MaxCascades:10]]
[2022.01.29-08.58.27:238][  0]LogConfig: Setting CVar [[r.Shadow.MaxResolution:2048]]
[2022.01.29-08.58.27:238][  0]LogConfig: Setting CVar [[r.Shadow.MaxCSMResolution:2048]]
[2022.01.29-08.58.27:238][  0]LogConfig: Setting CVar [[r.Shadow.RadiusThreshold:0.01]]
[2022.01.29-08.58.27:238][  0]LogConfig: Setting CVar [[r.Shadow.DistanceScale:1.0]]
[2022.01.29-08.58.27:238][  0]LogConfig: Setting CVar [[r.Shadow.CSM.TransitionScale:1.0]]
[2022.01.29-08.58.27:238][  0]LogConfig: Setting CVar [[r.Shadow.PreShadowResolutionFactor:1.0]]
[2022.01.29-08.58.27:238][  0]LogConfig: Setting CVar [[r.DistanceFieldShadowing:1]]
[2022.01.29-08.58.27:238][  0]LogConfig: Setting CVar [[r.DistanceFieldAO:1]]
[2022.01.29-08.58.27:238][  0]LogConfig: Setting CVar [[r.AOQuality:2]]
[2022.01.29-08.58.27:238][  0]LogConfig: Setting CVar [[r.VolumetricFog:1]]
[2022.01.29-08.58.27:238][  0]LogConfig: Setting CVar [[r.VolumetricFog.GridPixelSize:8]]
[2022.01.29-08.58.27:238][  0]LogConfig: Setting CVar [[r.VolumetricFog.GridSizeZ:128]]
[2022.01.29-08.58.27:238][  0]LogConfig: Setting CVar [[r.VolumetricFog.HistoryMissSupersampleCount:4]]
[2022.01.29-08.58.27:238][  0]LogConfig: Setting CVar [[r.LightMaxDrawDistanceScale:1]]
[2022.01.29-08.58.27:238][  0]LogConfig: Setting CVar [[r.CapsuleShadows:1]]
[2022.01.29-08.58.27:238][  0]LogConfig: Applying CVar settings from Section [PostProcessQuality@3] File [C:/Users/Andrew/Projects/Unreal/MazeGame/Saved/Config/Windows/Scalability.ini]
[2022.01.29-08.58.27:238][  0]LogConfig: Setting CVar [[r.MotionBlurQuality:4]]
[2022.01.29-08.58.27:238][  0]LogConfig: Setting CVar [[r.AmbientOcclusionMipLevelFactor:0.4]]
[2022.01.29-08.58.27:238][  0]LogConfig: Setting CVar [[r.AmbientOcclusionMaxQuality:100]]
[2022.01.29-08.58.27:238][  0]LogConfig: Setting CVar [[r.AmbientOcclusionLevels:-1]]
[2022.01.29-08.58.27:239][  0]LogConfig: Setting CVar [[r.AmbientOcclusionRadiusScale:1.0]]
[2022.01.29-08.58.27:239][  0]LogConfig: Setting CVar [[r.DepthOfFieldQuality:2]]
[2022.01.29-08.58.27:239][  0]LogConfig: Setting CVar [[r.RenderTargetPoolMin:400]]
[2022.01.29-08.58.27:239][  0]LogConfig: Setting CVar [[r.LensFlareQuality:2]]
[2022.01.29-08.58.27:239][  0]LogConfig: Setting CVar [[r.SceneColorFringeQuality:1]]
[2022.01.29-08.58.27:239][  0]LogConfig: Setting CVar [[r.EyeAdaptationQuality:2]]
[2022.01.29-08.58.27:239][  0]LogConfig: Setting CVar [[r.BloomQuality:5]]
[2022.01.29-08.58.27:239][  0]LogConfig: Setting CVar [[r.FastBlurThreshold:100]]
[2022.01.29-08.58.27:239][  0]LogConfig: Setting CVar [[r.Upscale.Quality:3]]
[2022.01.29-08.58.27:239][  0]LogConfig: Setting CVar [[r.Tonemapper.GrainQuantization:1]]
[2022.01.29-08.58.27:239][  0]LogConfig: Setting CVar [[r.LightShaftQuality:1]]
[2022.01.29-08.58.27:239][  0]LogConfig: Setting CVar [[r.Filter.SizeScale:1]]
[2022.01.29-08.58.27:239][  0]LogConfig: Setting CVar [[r.Tonemapper.Quality:5]]
[2022.01.29-08.58.27:239][  0]LogConfig: Setting CVar [[r.DOF.Gather.AccumulatorQuality:1        ; higher gathering accumulator quality]]
[2022.01.29-08.58.27:239][  0]LogConfig: Setting CVar [[r.DOF.Gather.PostfilterMethod:1          ; Median3x3 postfilering method]]
[2022.01.29-08.58.27:239][  0]LogConfig: Setting CVar [[r.DOF.Gather.EnableBokehSettings:0       ; no bokeh simulation when gathering]]
[2022.01.29-08.58.27:239][  0]LogConfig: Setting CVar [[r.DOF.Gather.RingCount:4                 ; medium number of samples when gathering]]
[2022.01.29-08.58.27:239][  0]LogConfig: Setting CVar [[r.DOF.Scatter.ForegroundCompositing:1    ; additive foreground scattering]]
[2022.01.29-08.58.27:239][  0]LogConfig: Setting CVar [[r.DOF.Scatter.BackgroundCompositing:2    ; additive background scattering]]
[2022.01.29-08.58.27:239][  0]LogConfig: Setting CVar [[r.DOF.Scatter.EnableBokehSettings:1      ; bokeh simulation when scattering]]
[2022.01.29-08.58.27:239][  0]LogConfig: Setting CVar [[r.DOF.Scatter.MaxSpriteRatio:0.1         ; only a maximum of 10% of scattered bokeh]]
[2022.01.29-08.58.27:239][  0]LogConfig: Setting CVar [[r.DOF.Recombine.Quality:1                ; cheap slight out of focus]]
[2022.01.29-08.58.27:239][  0]LogConfig: Setting CVar [[r.DOF.Recombine.EnableBokehSettings:0    ; no bokeh simulation on slight out of focus]]
[2022.01.29-08.58.27:239][  0]LogConfig: Setting CVar [[r.DOF.TemporalAAQuality:1                ; more stable temporal accumulation]]
[2022.01.29-08.58.27:239][  0]LogConfig: Setting CVar [[r.DOF.Kernel.MaxForegroundRadius:0.025]]
[2022.01.29-08.58.27:239][  0]LogConfig: Setting CVar [[r.DOF.Kernel.MaxBackgroundRadius:0.025]]
[2022.01.29-08.58.27:239][  0]LogConfig: Applying CVar settings from Section [TextureQuality@3] File [C:/Users/Andrew/Projects/Unreal/MazeGame/Saved/Config/Windows/Scalability.ini]
[2022.01.29-08.58.27:239][  0]LogConfig: Setting CVar [[r.Streaming.MipBias:0]]
[2022.01.29-08.58.27:240][  0]LogConfig: Setting CVar [[r.Streaming.AmortizeCPUToGPUCopy:0]]
[2022.01.29-08.58.27:240][  0]LogConfig: Setting CVar [[r.Streaming.MaxNumTexturesToStreamPerFrame:0]]
[2022.01.29-08.58.27:240][  0]LogConfig: Setting CVar [[r.Streaming.Boost:1]]
[2022.01.29-08.58.27:240][  0]LogConfig: Setting CVar [[r.MaxAnisotropy:8]]
[2022.01.29-08.58.27:240][  0]LogConfig: Setting CVar [[r.Streaming.LimitPoolSizeToVRAM:0]]
[2022.01.29-08.58.27:240][  0]LogConfig: Setting CVar [[r.Streaming.PoolSize:1000]]
[2022.01.29-08.58.27:240][  0]LogConfig: Setting CVar [[r.Streaming.MaxEffectiveScreenSize:0]]
[2022.01.29-08.58.27:240][  0]LogConfig: Applying CVar settings from Section [EffectsQuality@3] File [C:/Users/Andrew/Projects/Unreal/MazeGame/Saved/Config/Windows/Scalability.ini]
[2022.01.29-08.58.27:240][  0]LogConfig: Setting CVar [[r.TranslucencyLightingVolumeDim:64]]
[2022.01.29-08.58.27:240][  0]LogConfig: Setting CVar [[r.RefractionQuality:2]]
[2022.01.29-08.58.27:240][  0]LogConfig: Setting CVar [[r.SSR.Quality:3]]
[2022.01.29-08.58.27:240][  0]LogConfig: Setting CVar [[r.SceneColorFormat:4]]
[2022.01.29-08.58.27:240][  0]LogConfig: Setting CVar [[r.DetailMode:2]]
[2022.01.29-08.58.27:240][  0]LogConfig: Setting CVar [[r.TranslucencyVolumeBlur:1]]
[2022.01.29-08.58.27:240][  0]LogConfig: Setting CVar [[r.MaterialQualityLevel:1 ; High quality]]
[2022.01.29-08.58.27:240][  0]LogConfig: Setting CVar [[r.SSS.Scale:1]]
[2022.01.29-08.58.27:240][  0]LogConfig: Setting CVar [[r.SSS.SampleSet:2]]
[2022.01.29-08.58.27:240][  0]LogConfig: Setting CVar [[r.SSS.Quality:1]]
[2022.01.29-08.58.27:240][  0]LogConfig: Setting CVar [[r.SSS.HalfRes:1]]
[2022.01.29-08.58.27:240][  0]LogConfig: Setting CVar [[r.EmitterSpawnRateScale:1.0]]
[2022.01.29-08.58.27:240][  0]LogConfig: Setting CVar [[r.ParticleLightQuality:2]]
[2022.01.29-08.58.27:240][  0]LogConfig: Applying CVar settings from Section [FoliageQuality@3] File [C:/Users/Andrew/Projects/Unreal/MazeGame/Saved/Config/Windows/Scalability.ini]
[2022.01.29-08.58.27:240][  0]LogConfig: Setting CVar [[foliage.DensityScale:1.0]]
[2022.01.29-08.58.27:240][  0]LogConfig: Setting CVar [[grass.DensityScale:1.0]]
[2022.01.29-08.58.27:240][  0]LogConfig: Applying CVar settings from Section [Startup] File [../../../Engine/Config/ConsoleVariables.ini]
[2022.01.29-08.58.27:241][  0]LogConfig: Setting CVar [[net.UseAdaptiveNetUpdateFrequency:0]]
[2022.01.29-08.58.27:241][  0]LogConfig: Setting CVar [[p.chaos.AllowCreatePhysxBodies:1]]
[2022.01.29-08.58.27:241][  0]LogConfig: Applying CVar settings from Section [ConsoleVariables] File [C:/Users/Andrew/Projects/Unreal/MazeGame/Saved/Config/Windows/Engine.ini]
[2022.01.29-08.58.27:241][  0]LogInit: Computer: DESKTOP-FL75NRP
[2022.01.29-08.58.27:241][  0]LogInit: User: Andrew
[2022.01.29-08.58.27:241][  0]LogInit: CPU Page size=4096, Cores=4
[2022.01.29-08.58.27:241][  0]LogInit: High frequency timer resolution =10.000000 MHz
[2022.01.29-08.58.27:241][  0]LogMemory: Memory total: Physical=15.9GB (16GB approx)
[2022.01.29-08.58.27:241][  0]LogMemory: Platform Memory Stats for Windows
[2022.01.29-08.58.27:241][  0]LogMemory: Process Physical Memory: 97.39 MB used, 97.39 MB peak
[2022.01.29-08.58.27:241][  0]LogMemory: Process Virtual Memory: 83.71 MB used, 83.71 MB peak
[2022.01.29-08.58.27:241][  0]LogMemory: Physical Memory: 6116.75 MB used,  10205.16 MB free, 16321.91 MB total
[2022.01.29-08.58.27:241][  0]LogMemory: Virtual Memory: 4625.43 MB used,  134213104.00 MB free, 134217728.00 MB total
[2022.01.29-08.58.27:287][  0]LogInit: Using OS detected language (en-US).
[2022.01.29-08.58.27:287][  0]LogInit: Using OS detected locale (en-US).
[2022.01.29-08.58.27:288][  0]LogTextLocalizationManager: No specific localization for 'en-US' exists, so the 'en' localization will be used.
[2022.01.29-08.58.27:446][  0]LogInit: Setting process to per monitor DPI aware
[2022.01.29-08.58.27:473][  0]LogSlate: New Slate User Created.  User Index 0, Is Virtual User: 0
[2022.01.29-08.58.27:473][  0]LogSlate: Slate User Registered.  User Index 0, Is Virtual User: 0
[2022.01.29-08.58.27:635][  0]LogHMD: Failed to initialize OpenVR with code 110
[2022.01.29-08.58.27:635][  0]LogD3D11RHI: D3D11 adapters:
[2022.01.29-08.58.27:734][  0]LogD3D11RHI:    0. 'NVIDIA GeForce GTX 1060 6GB' (Feature Level 11_0)
[2022.01.29-08.58.27:734][  0]LogD3D11RHI:       6052/0/8160 MB DedicatedVideo/DedicatedSystem/SharedSystem, Outputs:1, VendorId:0x10de
[2022.01.29-08.58.27:736][  0]LogD3D11RHI:    1. 'Microsoft Basic Render Driver' (Feature Level 11_0)
[2022.01.29-08.58.27:736][  0]LogD3D11RHI:       0/0/8160 MB DedicatedVideo/DedicatedSystem/SharedSystem, Outputs:0, VendorId:0x1414
[2022.01.29-08.58.27:736][  0]LogD3D11RHI: Chosen D3D11 Adapter: 0
[2022.01.29-08.58.27:743][  0]LogD3D11RHI: Creating new Direct3DDevice
[2022.01.29-08.58.27:743][  0]LogD3D11RHI:     GPU DeviceId: 0x1c03 (for the marketing name, search the web for "GPU Device Id")
[2022.01.29-08.58.27:743][  0]LogWindows: EnumDisplayDevices:
[2022.01.29-08.58.27:743][  0]LogWindows:    0. 'NVIDIA GeForce GTX 1060 6GB' (P:1 D:1)
[2022.01.29-08.58.27:743][  0]LogWindows:    1. 'NVIDIA GeForce GTX 1060 6GB' (P:0 D:0)
[2022.01.29-08.58.27:744][  0]LogWindows:    2. 'NVIDIA GeForce GTX 1060 6GB' (P:0 D:0)
[2022.01.29-08.58.27:744][  0]LogWindows:    3. 'NVIDIA GeForce GTX 1060 6GB' (P:0 D:0)
[2022.01.29-08.58.27:744][  0]LogWindows: DebugString: FoundDriverCount:4 
[2022.01.29-08.58.27:744][  0]LogD3D11RHI:     Adapter Name: NVIDIA GeForce GTX 1060 6GB
[2022.01.29-08.58.27:744][  0]LogD3D11RHI:   Driver Version: 497.09 (internal:30.0.14.9709, unified:497.09)
[2022.01.29-08.58.27:744][  0]LogD3D11RHI:      Driver Date: 11-26-2021
[2022.01.29-08.58.27:744][  0]LogRHI: Texture pool is 4236 MB (70% of 6052 MB)
[2022.01.29-08.58.27:805][  0]LogD3D11RHI: Async texture creation enabled
[2022.01.29-08.58.27:810][  0]LogRendererCore: FGlobalReadBuffer::InitRHI
[2022.01.29-08.58.27:810][  0]LogRendererCore: FGlobalReadBuffer::InitRHI
[2022.01.29-08.58.27:810][  0]LogRendererCore: FGlobalReadBuffer::InitRHI
[2022.01.29-08.58.27:819][  0]LogD3D11RHI: GPU Timing Frequency: 1000.000000 (Debug: 2 1)
[2022.01.29-08.58.28:100][  0]LogTemp: Display: Module 'AllDesktopTargetPlatform' loaded TargetPlatform 'AllDesktop'
[2022.01.29-08.58.28:113][  0]LogTemp: Display: Module 'MacClientTargetPlatform' loaded TargetPlatform 'MacClient'
[2022.01.29-08.58.28:126][  0]LogTemp: Display: Module 'MacNoEditorTargetPlatform' loaded TargetPlatform 'MacNoEditor'
[2022.01.29-08.58.28:139][  0]LogTemp: Display: Module 'MacServerTargetPlatform' loaded TargetPlatform 'MacServer'
[2022.01.29-08.58.28:151][  0]LogTemp: Display: Module 'MacTargetPlatform' loaded TargetPlatform 'Mac'
[2022.01.29-08.58.28:164][  0]LogTemp: Display: Module 'WindowsClientTargetPlatform' loaded TargetPlatform 'WindowsClient'
[2022.01.29-08.58.28:178][  0]LogTemp: Display: Module 'WindowsNoEditorTargetPlatform' loaded TargetPlatform 'WindowsNoEditor'
[2022.01.29-08.58.28:191][  0]LogTemp: Display: Module 'WindowsServerTargetPlatform' loaded TargetPlatform 'WindowsServer'
[2022.01.29-08.58.28:197][  0]LogTemp: Display: Module 'WindowsTargetPlatform' loaded TargetPlatform 'Windows'
[2022.01.29-08.58.28:271][  0]LogTemp: Display: Module 'AndroidTargetPlatform' loaded TargetPlatform 'Android'
[2022.01.29-08.58.28:271][  0]LogTemp: Display: Module 'AndroidTargetPlatform' loaded TargetPlatform 'Android_ASTC'
[2022.01.29-08.58.28:271][  0]LogTemp: Display: Module 'AndroidTargetPlatform' loaded TargetPlatform 'Android_ATC'
[2022.01.29-08.58.28:271][  0]LogTemp: Display: Module 'AndroidTargetPlatform' loaded TargetPlatform 'Android_DXT'
[2022.01.29-08.58.28:271][  0]LogTemp: Display: Module 'AndroidTargetPlatform' loaded TargetPlatform 'Android_ETC1'
[2022.01.29-08.58.28:271][  0]LogTemp: Display: Module 'AndroidTargetPlatform' loaded TargetPlatform 'Android_ETC1a'
[2022.01.29-08.58.28:271][  0]LogTemp: Display: Module 'AndroidTargetPlatform' loaded TargetPlatform 'Android_ETC2'
[2022.01.29-08.58.28:271][  0]LogTemp: Display: Module 'AndroidTargetPlatform' loaded TargetPlatform 'Android_PVRTC'
[2022.01.29-08.58.28:271][  0]LogTemp: Display: Module 'AndroidTargetPlatform' loaded TargetPlatform 'AndroidClient'
[2022.01.29-08.58.28:271][  0]LogTemp: Display: Module 'AndroidTargetPlatform' loaded TargetPlatform 'Android_ASTCClient'
[2022.01.29-08.58.28:271][  0]LogTemp: Display: Module 'AndroidTargetPlatform' loaded TargetPlatform 'Android_ATCClient'
[2022.01.29-08.58.28:271][  0]LogTemp: Display: Module 'AndroidTargetPlatform' loaded TargetPlatform 'Android_DXTClient'
[2022.01.29-08.58.28:271][  0]LogTemp: Display: Module 'AndroidTargetPlatform' loaded TargetPlatform 'Android_ETC1Client'
[2022.01.29-08.58.28:271][  0]LogTemp: Display: Module 'AndroidTargetPlatform' loaded TargetPlatform 'Android_ETC1aClient'
[2022.01.29-08.58.28:271][  0]LogTemp: Display: Module 'AndroidTargetPlatform' loaded TargetPlatform 'Android_ETC2Client'
[2022.01.29-08.58.28:271][  0]LogTemp: Display: Module 'AndroidTargetPlatform' loaded TargetPlatform 'Android_PVRTCClient'
[2022.01.29-08.58.28:271][  0]LogTemp: Display: Module 'AndroidTargetPlatform' loaded TargetPlatform 'Android_Multi'
[2022.01.29-08.58.28:271][  0]LogTemp: Display: Module 'AndroidTargetPlatform' loaded TargetPlatform 'Android_MultiClient'
[2022.01.29-08.58.28:273][  0]LogTemp: Display: Module 'HTML5TargetPlatform' loaded TargetPlatform 'HTML5'
[2022.01.29-08.58.28:320][  0]LogTemp: Display: Module 'IOSTargetPlatform' loaded TargetPlatform 'IOSClient'
[2022.01.29-08.58.28:320][  0]LogTemp: Display: Module 'IOSTargetPlatform' loaded TargetPlatform 'IOS'
[2022.01.29-08.58.28:341][  0]LogTemp: Display: Module 'TVOSTargetPlatform' loaded TargetPlatform 'TVOSClient'
[2022.01.29-08.58.28:341][  0]LogTemp: Display: Module 'TVOSTargetPlatform' loaded TargetPlatform 'TVOS'
[2022.01.29-08.58.28:353][  0]LogTemp: Display: Module 'LinuxClientTargetPlatform' loaded TargetPlatform 'LinuxClient'
[2022.01.29-08.58.28:364][  0]LogTemp: Display: Module 'LinuxNoEditorTargetPlatform' loaded TargetPlatform 'LinuxNoEditor'
[2022.01.29-08.58.28:376][  0]LogTemp: Display: Module 'LinuxServerTargetPlatform' loaded TargetPlatform 'LinuxServer'
[2022.01.29-08.58.28:387][  0]LogTemp: Display: Module 'LinuxTargetPlatform' loaded TargetPlatform 'Linux'
[2022.01.29-08.58.28:427][  0]LogTemp: Display: Module 'LuminTargetPlatform' loaded TargetPlatform 'Lumin'
[2022.01.29-08.58.28:427][  0]LogTemp: Display: Module 'LuminTargetPlatform' loaded TargetPlatform 'LuminClient'
[2022.01.29-08.58.28:427][  0]LogTargetPlatformManager: Display: Building Assets For Windows
[2022.01.29-08.58.28:436][  0]LogAudioDebug: Display: Lib vorbis DLL was dynamically loaded.
[2022.01.29-08.58.28:488][  0]LogShaderCompilers: Guid format shader working directory is -8 characters bigger than the processId version (../../../../../../Users/Andrew/Projects/Unreal/MazeGame/Intermediate/Shaders/WorkingDirectory/2380/).
[2022.01.29-08.58.28:488][  0]LogShaderCompilers: Cleaned the shader compiler working directory 'C:/Users/Andrew/AppData/Local/Temp/UnrealShaderWorkingDir/DC3E3F34492C8727CD0890BE998F4648/'.
[2022.01.29-08.58.28:490][  0]LogXGEController: Cleaning working directory: C:/Users/Andrew/AppData/Local/Temp/UnrealXGEWorkingDir/
[2022.01.29-08.58.28:491][  0]LogXGEController: Cannot use XGE Controller as Incredibuild is not installed on this machine.
[2022.01.29-08.58.28:491][  0]LogShaderCompilers: Cannot use XGE Shader Compiler as Incredibuild is not installed on this machine.
[2022.01.29-08.58.28:491][  0]LogShaderCompilers: Display: Using Local Shader Compiler.
[2022.01.29-08.58.29:002][  0]LogDerivedDataCache: Display: Max Cache Size: 512 MB
[2022.01.29-08.58.29:058][  0]LogDerivedDataCache: Loaded boot cache 0.06s 71MB C:/Users/Andrew/AppData/Local/UnrealEngine/4.22/DerivedDataCache/Boot.ddc.
[2022.01.29-08.58.29:058][  0]LogDerivedDataCache: Display: Loaded Boot cache: C:/Users/Andrew/AppData/Local/UnrealEngine/4.22/DerivedDataCache/Boot.ddc
[2022.01.29-08.58.29:058][  0]LogDerivedDataCache: FDerivedDataBackendGraph:  Pak pak cache file ../../../../../../Users/Andrew/Projects/Unreal/MazeGame/DerivedDataCache/DDC.ddp not found, will not use a pak cache.
[2022.01.29-08.58.29:058][  0]LogDerivedDataCache: Unable to find inner node Pak for hierarchical cache Hierarchy.
[2022.01.29-08.58.29:059][  0]LogDerivedDataCache: FDerivedDataBackendGraph:  CompressedPak pak cache file ../../../../../../Users/Andrew/Projects/Unreal/MazeGame/DerivedDataCache/Compressed.ddp not found, will not use a pak cache.
[2022.01.29-08.58.29:059][  0]LogDerivedDataCache: Unable to find inner node CompressedPak for hierarchical cache Hierarchy.
[2022.01.29-08.58.29:071][  0]LogDerivedDataCache: Display: Pak cache opened for reading ../../../Engine/DerivedDataCache/Compressed.ddp.
[2022.01.29-08.58.29:071][  0]LogDerivedDataCache: FDerivedDataBackendGraph:  EnterprisePak pak cache file ../../../Enterprise/DerivedDataCache/Compressed.ddp not found, will not use a pak cache.
[2022.01.29-08.58.29:071][  0]LogDerivedDataCache: Unable to find inner node EnterprisePak for hierarchical cache Hierarchy.
[2022.01.29-08.58.29:083][  0]LogDerivedDataCache: Using Local data cache path C:/Users/Andrew/AppData/Local/UnrealEngine/Common/DerivedDataCache: Writable
[2022.01.29-08.58.29:083][  0]LogDerivedDataCache: Shared data cache path not found in *engine.ini, will not use an Shared cache.
[2022.01.29-08.58.29:083][  0]LogDerivedDataCache: Unable to find inner node Shared for hierarchical cache Hierarchy.
[2022.01.29-08.58.29:104][  0]LogMaterial: Verifying Global Shaders for PCD3D_SM5
[2022.01.29-08.58.29:106][  0]LogSlate: Using FreeType 2.6.0
[2022.01.29-08.58.29:106][  0]LogSlate: SlateFontServices - WITH_FREETYPE: 1, WITH_HARFBUZZ: 1
[2022.01.29-08.58.29:190][  0]LogAssetRegistry: FAssetRegistry took 0.0324 seconds to start up
[2022.01.29-08.58.29:496][  0]LogInit: Selected Device Profile: [Windows]
[2022.01.29-08.58.29:621][  0]LogMeshReduction: Using QuadricMeshReduction for automatic static mesh reduction
[2022.01.29-08.58.29:621][  0]LogMeshReduction: Using SimplygonMeshReduction for automatic skeletal mesh reduction
[2022.01.29-08.58.29:621][  0]LogMeshReduction: Using ProxyLODMeshReduction for automatic mesh merging
[2022.01.29-08.58.29:621][  0]LogMeshReduction: No distributed automatic mesh merging module available
[2022.01.29-08.58.29:621][  0]LogMeshMerging: No distributed automatic mesh merging module available
[2022.01.29-08.58.29:637][  0]LogNetVersion: MazeGame 1.0.0, NetCL: 5660361, EngineNetVer: 10, GameNetVer: 0 (Checksum: 1427889171)
[2022.01.29-08.58.30:051][  0]LogPackageLocalizationCache: Processed 10 localized package path(s) for 1 prioritized culture(s) in 0.036383 seconds
[2022.01.29-08.58.30:057][  0]LogUObjectArray: 42205 objects as part of root set at end of initial load.
[2022.01.29-08.58.30:057][  0]LogUObjectAllocator: 7325032 out of 0 bytes used by permanent object pool.
[2022.01.29-08.58.30:057][  0]LogUObjectArray: CloseDisregardForGC: 0/0 objects in disregard for GC pool
[2022.01.29-08.58.30:864][  0]LogTcpMessaging: Initializing TcpMessaging bridge
[2022.01.29-08.58.30:878][  0]LogUdpMessaging: Initializing bridge on interface 0.0.0.0:0 to multicast group 230.0.0.1:6666.
[2022.01.29-08.58.31:022][  0]SourceControl: Source control is disabled
[2022.01.29-08.58.31:022][  0]SourceControl: Source control is disabled
[2022.01.29-08.58.31:023][  0]SourceControl: Source control is disabled
[2022.01.29-08.58.31:024][  0]SourceControl: Source control is disabled
[2022.01.29-08.58.31:097][  0]LogAndroidPermission: UAndroidPermissionCallbackProxy::GetInstance
[2022.01.29-08.58.31:187][  0]LogOcInput: OculusInput pre-init called
[2022.01.29-08.58.31:851][  0]LogEngine: Initializing Engine...
[2022.01.29-08.58.31:851][  0]LogHMD: Failed to initialize OpenVR with code 110
[2022.01.29-08.58.31:852][  0]LogStats: UGameplayTagsManager::InitializeManager -  0.000 s
[2022.01.29-08.58.32:061][  0]LogInit: Initializing FReadOnlyCVARCache
[2022.01.29-08.58.32:076][  0]LogAIModule: Creating AISystem for world Untitled
[2022.01.29-08.58.32:109][  0]LogInit: XAudio2 using 'Speakers (2- USB Audio Device)' : 2 channels at 48 kHz using 16 bits per sample (channel mask 0x3)
[2022.01.29-08.58.32:137][  0]LogInit: FAudioDevice initialized.
[2022.01.29-08.58.32:137][  0]LogNetVersion: Set ProjectVersion to 1.0.0.0. Version Checksum will be recalculated on next use.
[2022.01.29-08.58.32:208][  0]LogDerivedDataCache: Saved boot cache 0.07s 71MB C:/Users/Andrew/AppData/Local/UnrealEngine/4.22/DerivedDataCache/Boot.ddc.
[2022.01.29-08.58.32:214][  0]LogInit: Texture streaming: Enabled
[2022.01.29-08.58.32:232][  0]LogEngineSessionManager: EngineSessionManager initialized
[2022.01.29-08.58.32:250][  0]LogInit: Transaction tracking system initialized
[2022.01.29-08.58.32:274][  0]BlueprintLog: New page: Editor Load
[2022.01.29-08.58.32:358][  0]LocalizationService: Localization service is disabled
[2022.01.29-08.58.32:640][  0]LogFileCache: Scanning file cache for directory 'C:/Users/Andrew/Projects/Unreal/MazeGame/Content/' took 0.01s
[2022.01.29-08.58.32:640][  0]LogCook: Display: Max memory allowance for cook 16384mb min free memory 0mb
[2022.01.29-08.58.32:640][  0]LogCook: Display: Mobile HDR setting 1
[2022.01.29-08.58.32:828][  0]SourceControl: Source control is disabled
[2022.01.29-08.58.32:828][  0]Cmd: MAP LOAD FILE="../../../../../../Users/Andrew/Projects/Unreal/MazeGame/Content/Levels/Level1.umap" TEMPLATE=0 SHOWPROGRESS=1 FEATURELEVEL=3
[2022.01.29-08.58.32:828][  0]LightingResults: New page: Lighting Build
[2022.01.29-08.58.32:831][  0]MapCheck: New page: Map Check
[2022.01.29-08.58.32:831][  0]LightingResults: New page: Lighting Build
[2022.01.29-08.58.32:854][  0]LogUObjectHash: Compacting FUObjectHashTables data took   1.41ms
[2022.01.29-08.58.32:962][  0]LogAIModule: Creating AISystem for world Level1
[2022.01.29-08.58.32:968][  0]LogEditorServer: Finished looking for orphan Actors (0.000 secs)
[2022.01.29-08.58.32:991][  0]LogUObjectHash: Compacting FUObjectHashTables data took   1.98ms
[2022.01.29-08.58.32:992][  0]Cmd: MAP CHECKDEP NOCLEARLOG
[2022.01.29-08.58.32:992][  0]MapCheck: Map check complete: 0 Error(s), 0 Warning(s), took 0.145ms to complete.
[2022.01.29-08.58.32:992][  0]LogFileHelpers: Loading map 'Level1' took 0.164
[2022.01.29-08.58.33:100][  0]LogSlate: Updating window title bar state: overlay mode, drag disabled, window buttons hidden, title bar hidden
[2022.01.29-08.58.33:107][  0]LogSlate: Updating window title bar state: overlay mode, drag disabled, window buttons hidden, title bar hidden
[2022.01.29-08.58.33:114][  0]LogSlate: Updating window title bar state: overlay mode, drag disabled, window buttons hidden, title bar hidden
[2022.01.29-08.58.33:121][  0]LogSlate: Updating window title bar state: overlay mode, drag disabled, window buttons hidden, title bar hidden
[2022.01.29-08.58.33:127][  0]LogCollectionManager: Loaded 0 collections in 0.001732 seconds
[2022.01.29-08.58.33:155][  0]LogFileCache: Scanning file cache for directory 'C:/Users/Andrew/Projects/Unreal/MazeGame/Saved/Collections/' took 0.01s
[2022.01.29-08.58.33:155][  0]LogFileCache: Scanning file cache for directory 'C:/Users/Andrew/Projects/Unreal/MazeGame/Content/Developers/Andrew/Collections/' took 0.00s
[2022.01.29-08.58.33:155][  0]LogFileCache: Scanning file cache for directory 'C:/Users/Andrew/Projects/Unreal/MazeGame/Content/Collections/' took 0.01s
[2022.01.29-08.58.33:155][  0]LogCollectionManager: Rebuilt the GUID cache for 0 collections in 0.000000 seconds
[2022.01.29-08.58.33:163][  0]LogContentBrowser: Native class hierarchy populated in 0.0079 seconds. Added 2732 classes and 659 folders.
[2022.01.29-08.58.33:169][  0]LogContentBrowser: Native class hierarchy updated for 'WidgetCarousel' in 0.0002 seconds. Added 0 classes and 0 folders.
[2022.01.29-08.58.33:170][  0]LogPakFile: Registered encryption key '00000000000000000000000000000000': 0 pak files mounted, 0 remain pending
[2022.01.29-08.58.33:171][  0]LogPakFile: Registered encryption key '00000000000000000000000000000000': 0 pak files mounted, 0 remain pending
[2022.01.29-08.58.33:172][  0]LogPakFile: Registered encryption key '00000000000000000000000000000000': 0 pak files mounted, 0 remain pending
[2022.01.29-08.58.33:172][  0]LogPakFile: Registered encryption key '00000000000000000000000000000000': 0 pak files mounted, 0 remain pending
[2022.01.29-08.58.33:173][  0]LogPakFile: Registered encryption key '00000000000000000000000000000000': 0 pak files mounted, 0 remain pending
[2022.01.29-08.58.33:173][  0]LogPakFile: Registered encryption key '00000000000000000000000000000000': 0 pak files mounted, 0 remain pending
[2022.01.29-08.58.33:173][  0]LogPakFile: Registered encryption key '00000000000000000000000000000000': 0 pak files mounted, 0 remain pending
[2022.01.29-08.58.33:174][  0]LogPakFile: Registered encryption key '00000000000000000000000000000000': 0 pak files mounted, 0 remain pending
[2022.01.29-08.58.33:174][  0]LogPakFile: Registered encryption key '00000000000000000000000000000000': 0 pak files mounted, 0 remain pending
[2022.01.29-08.58.33:175][  0]LogPakFile: Registered encryption key '00000000000000000000000000000000': 0 pak files mounted, 0 remain pending
[2022.01.29-08.58.33:175][  0]LogPakFile: Registered encryption key '00000000000000000000000000000000': 0 pak files mounted, 0 remain pending
[2022.01.29-08.58.33:176][  0]LogPakFile: Registered encryption key '00000000000000000000000000000000': 0 pak files mounted, 0 remain pending
[2022.01.29-08.58.33:176][  0]LogPakFile: Registered encryption key '00000000000000000000000000000000': 0 pak files mounted, 0 remain pending
[2022.01.29-08.58.33:176][  0]LogPakFile: Registered encryption key '00000000000000000000000000000000': 0 pak files mounted, 0 remain pending
[2022.01.29-08.58.33:177][  0]LogPakFile: Registered encryption key '00000000000000000000000000000000': 0 pak files mounted, 0 remain pending
[2022.01.29-08.58.33:177][  0]LogPakFile: Registered encryption key '00000000000000000000000000000000': 0 pak files mounted, 0 remain pending
[2022.01.29-08.58.33:178][  0]LogPakFile: Registered encryption key '00000000000000000000000000000000': 0 pak files mounted, 0 remain pending
[2022.01.29-08.58.33:178][  0]LogPakFile: Registered encryption key '00000000000000000000000000000000': 0 pak files mounted, 0 remain pending
[2022.01.29-08.58.33:179][  0]LogPakFile: Registered encryption key '00000000000000000000000000000000': 0 pak files mounted, 0 remain pending
[2022.01.29-08.58.33:179][  0]LogPakFile: Registered encryption key '00000000000000000000000000000000': 0 pak files mounted, 0 remain pending
[2022.01.29-08.58.33:179][  0]LogPakFile: Registered encryption key '00000000000000000000000000000000': 0 pak files mounted, 0 remain pending
[2022.01.29-08.58.33:180][  0]LogPakFile: Registered encryption key '00000000000000000000000000000000': 0 pak files mounted, 0 remain pending
[2022.01.29-08.58.33:180][  0]LogPakFile: Registered encryption key '00000000000000000000000000000000': 0 pak files mounted, 0 remain pending
[2022.01.29-08.58.33:181][  0]LogPakFile: Registered encryption key '00000000000000000000000000000000': 0 pak files mounted, 0 remain pending
[2022.01.29-08.58.33:181][  0]LogPakFile: Registered encryption key '00000000000000000000000000000000': 0 pak files mounted, 0 remain pending
[2022.01.29-08.58.33:182][  0]LogPakFile: Registered encryption key '00000000000000000000000000000000': 0 pak files mounted, 0 remain pending
[2022.01.29-08.58.33:213][  0]LogContentBrowser: Native class hierarchy updated for 'AddContentDialog' in 0.0002 seconds. Added 0 classes and 0 folders.
[2022.01.29-08.58.33:220][  0]LogContentBrowser: Native class hierarchy updated for 'SceneOutliner' in 0.0003 seconds. Added 1 classes and 2 folders.
[2022.01.29-08.58.33:277][  0]LogSlate: Took 0.000181 seconds to synchronously load lazily loaded font '../../../Engine/Content/Slate/Fonts/Roboto-Regular.ttf' (155K)
[2022.01.29-08.58.33:278][  0]LogSlate: Took 0.000173 seconds to synchronously load lazily loaded font '../../../Engine/Content/Slate/Fonts/Roboto-Bold.ttf' (160K)
[2022.01.29-08.58.33:283][  0]LogSlate: Took 0.000216 seconds to synchronously load lazily loaded font '../../../Engine/Content/Editor/Slate/Fonts/FontAwesome.ttf' (139K)
[2022.01.29-08.58.33:344][  0]LogRenderer: Reallocating scene render targets to support 1108x568 Format 10 NumSamples 1 (Frame:1).
[2022.01.29-08.58.33:474][  0]LogContentBrowser: Native class hierarchy updated for 'HierarchicalLODOutliner' in 0.0002 seconds. Added 0 classes and 0 folders.
[2022.01.29-08.58.33:474][  0]LogLoad: (Engine Initialization) Total time: 8.13 seconds
[2022.01.29-08.58.33:474][  0]LogLoad: (Engine Initialization) Total Blueprint compile time: 0.00 seconds
[2022.01.29-08.58.33:506][  0]LogAssetRegistry: Asset discovery search completed in 4.3378 seconds
[2022.01.29-08.58.33:508][  0]LogCollectionManager: Rebuilt the object cache for 0 collections in 0.000000 seconds (found 0 objects)
[2022.01.29-08.58.33:508][  0]LogCollectionManager: Fixed up redirectors for 0 collections in 0.000102 seconds (updated 0 objects)
[2022.01.29-08.58.33:515][  0]LogContentStreaming: Texture pool size now 1000 MB
[2022.01.29-08.58.34:493][112]LogSlate: Took 0.000182 seconds to synchronously load lazily loaded font '../../../Engine/Content/Slate/Fonts/Roboto-Light.ttf' (167K)
[2022.01.29-08.58.37:140][426]LogSlate: FSceneViewport::OnFocusLost() reason 0
[2022.01.29-08.58.37:236][436]LogAssetEditorManager: Opening Asset editor for Blueprint /Game/Blueprints/Actors/BP_Crystal.BP_Crystal
[2022.01.29-08.58.37:464][436]LogContentBrowser: Native class hierarchy updated for 'BlueprintGraph' in 0.0006 seconds. Added 121 classes and 0 folders.
[2022.01.29-08.58.40:305][685]LogRenderer: Reallocating scene render targets to support 1220x768 Format 10 NumSamples 1 (Frame:1).
[2022.01.29-08.58.42:948][998]LogTemp: Repeating last play command: Selected Viewport
[2022.01.29-08.58.42:955][998]LogBlueprintUserMessages: Early PlayInEditor Detection: Level '/Game/Levels/Level1.Level1:PersistentLevel' has LevelScriptBlueprint '/Game/Levels/Level1.Level1:PersistentLevel.Level1' with GeneratedClass '/Game/Levels/Level1.Level1_C' with ClassGeneratedBy '/Game/Levels/Level1.Level1:PersistentLevel.Level1'
[2022.01.29-08.58.42:955][998]LogPlayLevel: PlayLevel: No blueprints needed recompiling
[2022.01.29-08.58.42:955][998]PIE: New page: PIE session: Level1 (Jan 29, 2022, 12:58:42 PM)
[2022.01.29-08.58.42:968][998]LogPlayLevel: Creating play world package: /Game/Levels/UEDPIE_0_Level1
[2022.01.29-08.58.42:973][998]LogPlayLevel: PIE: StaticDuplicateObject took: (0.004945s)
[2022.01.29-08.58.42:974][998]LogAIModule: Creating AISystem for world Level1
[2022.01.29-08.58.42:974][998]LogPlayLevel: PIE: World Init took: (0.000650s)
[2022.01.29-08.58.42:974][998]LogPlayLevel: PIE: Created PIE world by copying editor world from /Game/Levels/Level1.Level1 to /Game/Levels/UEDPIE_0_Level1.Level1 (0.005946s)
[2022.01.29-08.58.43:009][998]LogUObjectHash: Compacting FUObjectHashTables data took   3.36ms
[2022.01.29-08.58.43:030][998]LogInit: XAudio2 using 'Speakers (2- USB Audio Device)' : 2 channels at 48 kHz using 16 bits per sample (channel mask 0x3)
[2022.01.29-08.58.43:043][998]LogInit: FAudioDevice initialized.
[2022.01.29-08.58.43:084][998]LogLoad: Game class is 'BP_GameMode_C'
[2022.01.29-08.58.43:086][998]LogWorld: Bringing World /Game/Levels/UEDPIE_0_Level1.Level1 up for play (max tick rate 0) at 2022.01.29-10.58.43
[2022.01.29-08.58.43:086][998]LogWorld: Bringing up level for play took: 0.001263
[2022.01.29-08.58.43:101][998]LogBlueprintActionDatabase: Requesting refresh due to module change: Voice (loaded)
[2022.01.29-08.58.43:103][998]LogBlueprintActionDatabase: Requesting refresh due to module change: MovieSceneCapture (loaded)
[2022.01.29-08.58.43:103][998]LogContentBrowser: Native class hierarchy updated for 'MovieSceneCapture' in 0.0003 seconds. Added 20 classes and 0 folders.
[2022.01.29-08.58.43:104][998]PIE: Play in editor start time for /Game/Levels/UEDPIE_0_Level1 0.755
[2022.01.29-08.58.43:105][998]LogBlueprintUserMessages: Late PlayInEditor Detection: Level '/Game/Levels/Level1.Level1:PersistentLevel' has LevelScriptBlueprint '/Game/Levels/Level1.Level1:PersistentLevel.Level1' with GeneratedClass '/Game/Levels/Level1.Level1_C' with ClassGeneratedBy '/Game/Levels/Level1.Level1:PersistentLevel.Level1'
[2022.01.29-08.59.00:457][ 43]LogNet: Browse: /Game/Levels/Level1
[2022.01.29-08.59.00:457][ 43]LogLoad: LoadMap: /Game/Levels/Level1
[2022.01.29-08.59.00:509][ 43]LogUObjectHash: Compacting FUObjectHashTables data took   4.54ms
[2022.01.29-08.59.00:509][ 43]LogPlayLevel: Creating play world package: /Game/Levels/UEDPIE_0_Level1
[2022.01.29-08.59.00:516][ 43]LogPlayLevel: PIE: StaticDuplicateObject took: (0.005093s)
[2022.01.29-08.59.00:516][ 43]LogAIModule: Creating AISystem for world Level1
[2022.01.29-08.59.00:516][ 43]LogPlayLevel: PIE: World Init took: (0.000507s)
[2022.01.29-08.59.00:516][ 43]LogPlayLevel: PIE: Created PIE world by copying editor world from /Game/Levels/Level1.Level1 to /Game/Levels/UEDPIE_0_Level1.Level1 (0.006819s)
[2022.01.29-08.59.00:516][ 43]LogLoad: Game class is 'BP_GameMode_C'
[2022.01.29-08.59.00:518][ 43]LogWorld: Bringing World /Game/Levels/UEDPIE_0_Level1.Level1 up for play (max tick rate 0) at 2022.01.29-10.59.00
[2022.01.29-08.59.00:518][ 43]LogWorld: Bringing up level for play took: 0.000979
[2022.01.29-08.59.00:519][ 43]LogLoad: Took 0.061753 seconds to LoadMap(/Game/Levels/UEDPIE_0_Level1)
[2022.01.29-08.59.18:466][192]LogBlueprintUserMessages: Early EndPlayMap Detection: Level '/Game/Levels/Level1.Level1:PersistentLevel' has LevelScriptBlueprint '/Game/Levels/Level1.Level1:PersistentLevel.Level1' with GeneratedClass '/Game/Levels/Level1.Level1_C' with ClassGeneratedBy '/Game/Levels/Level1.Level1:PersistentLevel.Level1'
[2022.01.29-08.59.18:466][192]LogSlate: Updating window title bar state: overlay mode, drag disabled, window buttons hidden, title bar hidden
[2022.01.29-08.59.18:494][192]LogPlayLevel: Display: Shutting down PIE online subsystems
[2022.01.29-08.59.18:494][192]LogBlueprintUserMessages: Late EndPlayMap Detection: Level '/Game/Levels/Level1.Level1:PersistentLevel' has LevelScriptBlueprint '/Game/Levels/Level1.Level1:PersistentLevel.Level1' with GeneratedClass '/Game/Levels/Level1.Level1_C' with ClassGeneratedBy '/Game/Levels/Level1.Level1:PersistentLevel.Level1'
[2022.01.29-08.59.18:529][192]LogSlate: Updating window title bar state: overlay mode, drag disabled, window buttons hidden, title bar hidden
[2022.01.29-08.59.18:535][192]LogUObjectHash: Compacting FUObjectHashTables data took   2.56ms
[2022.01.29-08.59.18:567][194]LogPlayLevel: Display: Destroying online subsystem :Context_3
[2022.01.29-08.59.34:935][154]LogSlate: FSceneViewport::OnFocusLost() reason 0
[2022.01.29-08.59.35:049][163]LogUObjectHash: Compacting FUObjectHashTables data took   0.69ms
[2022.01.29-08.59.35:137][163]LogSlate: Window 'MazeGame - Unreal Editor' being destroyed
[2022.01.29-08.59.35:313][164]Cmd: QUIT_EDITOR
[2022.01.29-08.59.35:992][164]LogWindowsTextInputMethodSystem: Display: IME system now deactivated.
[2022.01.29-08.59.36:033][164]LogExit: Preparing to exit.
[2022.01.29-08.59.37:033][164]LogExit: Editor shut down
[2022.01.29-08.59.37:033][164]LogExit: Transaction tracking system shut down
[2022.01.29-08.59.37:367][164]LogExit: Object subsystem successfully closed.
[2022.01.29-08.59.37:377][164]LogShaderCompilers: Display: Shaders left to compile 0
[2022.01.29-08.59.37:380][164]LogD3D11RHI: Shutdown
[2022.01.29-08.59.37:380][164]LogD3D11RHI: CleanupD3DDevice
[2022.01.29-08.59.37:380][164]LogRendererCore: FGlobalReadBuffer::ReleaseRHI
[2022.01.29-08.59.37:380][164]LogRendererCore: FGlobalDynamicReadBuffer::Cleanup()
[2022.01.29-08.59.37:380][164]LogRendererCore: FGlobalReadBuffer::ReleaseRHI
[2022.01.29-08.59.37:380][164]LogRendererCore: FGlobalDynamicReadBuffer::Cleanup()
[2022.01.29-08.59.37:381][164]LogRendererCore: FGlobalReadBuffer::ReleaseRHI
[2022.01.29-08.59.37:381][164]LogRendererCore: FGlobalDynamicReadBuffer::Cleanup()
[2022.01.29-08.59.37:455][164]LogD3D11RHI: ~FD3D11DynamicRHI
[2022.01.29-08.59.37:477][164]LogModuleManager: Shutting down and abandoning module MovieSceneCapture (648)
[2022.01.29-08.59.37:477][164]LogModuleManager: Shutting down and abandoning module Voice (646)
[2022.01.29-08.59.37:477][164]LogModuleManager: Shutting down and abandoning module BlueprintGraph (644)
[2022.01.29-08.59.37:477][164]LogModuleManager: Shutting down and abandoning module HierarchicalLODOutliner (642)
[2022.01.29-08.59.37:477][164]LogModuleManager: Shutting down and abandoning module SceneOutliner (640)
[2022.01.29-08.59.37:477][164]LogModuleManager: Shutting down and abandoning module AddContentDialog (638)
[2022.01.29-08.59.37:477][164]LogModuleManager: Shutting down and abandoning module WidgetCarousel (637)
[2022.01.29-08.59.37:477][164]LogModuleManager: Shutting down and abandoning module EditorWidgets (634)
[2022.01.29-08.59.37:477][164]LogModuleManager: Shutting down and abandoning module CollectionManager (632)
[2022.01.29-08.59.37:478][164]LogModuleManager: Shutting down and abandoning module StatsViewer (630)
[2022.01.29-08.59.37:478][164]LogModuleManager: Shutting down and abandoning module FoliageEdit (628)
[2022.01.29-08.59.37:478][164]LogModuleManager: Shutting down and abandoning module LandscapeEditor (626)
[2022.01.29-08.59.37:478][164]LogModuleManager: Shutting down and abandoning module MeshPaintMode (624)
[2022.01.29-08.59.37:478][164]LogModuleManager: Shutting down and abandoning module SceneDepthPickerMode (622)
[2022.01.29-08.59.37:478][164]LogModuleManager: Shutting down and abandoning module ActorPickerMode (620)
[2022.01.29-08.59.37:478][164]LogModuleManager: Shutting down and abandoning module GeometryMode (618)
[2022.01.29-08.59.37:478][164]LogModuleManager: Shutting down and abandoning module TextureAlignMode (616)
[2022.01.29-08.59.37:478][164]LogModuleManager: Shutting down and abandoning module BspMode (614)
[2022.01.29-08.59.37:478][164]LogModuleManager: Shutting down and abandoning module PIEPreviewDeviceProfileSelector (612)
[2022.01.29-08.59.37:478][164]LogModuleManager: Shutting down and abandoning module SequenceRecorderSections (610)
[2022.01.29-08.59.37:478][164]LogModuleManager: Shutting down and abandoning module AutomationWorker (608)
[2022.01.29-08.59.37:478][164]LogModuleManager: Shutting down and abandoning module OculusMR (606)
[2022.01.29-08.59.37:478][164]LogModuleManager: Shutting down and abandoning module AudioCaptureEditor (604)
[2022.01.29-08.59.37:478][164]LogModuleManager: Shutting down and abandoning module MatineeToLevelSequence (602)
[2022.01.29-08.59.37:478][164]LogModuleManager: Shutting down and abandoning module LevelSequenceEditor (600)
[2022.01.29-08.59.37:478][164]LogModuleManager: Shutting down and abandoning module PlacementMode (599)
[2022.01.29-08.59.37:478][164]LogModuleManager: Shutting down and abandoning module MaterialEditor (598)
[2022.01.29-08.59.37:478][164]LogModuleManager: Shutting down and abandoning module ActorSequenceEditor (594)
[2022.01.29-08.59.37:478][164]LogModuleManager: Shutting down and abandoning module WmfMediaFactory (592)
[2022.01.29-08.59.37:478][164]LogModuleManager: Shutting down and abandoning module WmfMediaEditor (590)
[2022.01.29-08.59.37:478][164]LogModuleManager: Shutting down and abandoning module WebMMediaFactory (588)
[2022.01.29-08.59.37:478][164]LogModuleManager: Shutting down and abandoning module WebMMediaEditor (586)
[2022.01.29-08.59.37:478][164]LogModuleManager: Shutting down and abandoning module WebMMedia (584)
[2022.01.29-08.59.37:478][164]LogModuleManager: Shutting down and abandoning module MediaPlayerEditor (582)
[2022.01.29-08.59.37:478][164]LogModuleManager: Shutting down and abandoning module MediaCompositingEditor (580)
[2022.01.29-08.59.37:478][164]LogModuleManager: Shutting down and abandoning module SequenceRecorder (579)
[2022.01.29-08.59.37:478][164]LogModuleManager: Shutting down and abandoning module OpenExrWrapper (576)
[2022.01.29-08.59.37:478][164]LogModuleManager: Shutting down and abandoning module ImgMediaFactory (574)
[2022.01.29-08.59.37:478][164]LogModuleManager: Shutting down and abandoning module ImgMediaEditor (572)
[2022.01.29-08.59.37:478][164]LogModuleManager: Shutting down and abandoning module AvfMediaFactory (570)
[2022.01.29-08.59.37:478][164]LogModuleManager: Shutting down and abandoning module AvfMediaEditor (568)
[2022.01.29-08.59.37:478][164]LogModuleManager: Shutting down and abandoning module AndroidMediaFactory (566)
[2022.01.29-08.59.37:478][164]LogModuleManager: Shutting down and abandoning module AndroidMediaEditor (564)
[2022.01.29-08.59.37:478][164]LogModuleManager: Shutting down and abandoning module MagicLeapCameraPreviewFactory (562)
[2022.01.29-08.59.37:478][164]LogModuleManager: Shutting down and abandoning module MagicLeapMediaCodecFactory (560)
[2022.01.29-08.59.37:478][164]LogModuleManager: Shutting down and abandoning module MagicLeapMediaFactory (558)
[2022.01.29-08.59.37:478][164]LogModuleManager: Shutting down and abandoning module MagicLeapMediaEditor (556)
[2022.01.29-08.59.37:478][164]LogModuleManager: Shutting down and abandoning module CharacterAI (554)
[2022.01.29-08.59.37:478][164]LogModuleManager: Shutting down and abandoning module SmartSnapping (552)
[2022.01.29-08.59.37:478][164]LogModuleManager: Shutting down and abandoning module SessionServices (550)
[2022.01.29-08.59.37:478][164]LogModuleManager: Shutting down and abandoning module MeshPaint (548)
[2022.01.29-08.59.37:479][164]LogModuleManager: Shutting down and abandoning module ViewportSnapping (546)
[2022.01.29-08.59.37:479][164]LogModuleManager: Shutting down and abandoning module ViewportInteraction (544)
[2022.01.29-08.59.37:479][164]LogModuleManager: Shutting down and abandoning module ClothPainter (542)
[2022.01.29-08.59.37:479][164]LogModuleManager: Shutting down and abandoning module SkeletalMeshEditor (541)
[2022.01.29-08.59.37:479][164]LogModuleManager: Shutting down and abandoning module LogVisualizer (538)
[2022.01.29-08.59.37:479][164]LogModuleManager: Shutting down and abandoning module IntroTutorials (536)
[2022.01.29-08.59.37:479][164]LogModuleManager: Shutting down and abandoning module GameProjectGeneration (535)
[2022.01.29-08.59.37:479][164]LogModuleManager: Shutting down and abandoning module LuminPlatformEditor (532)
[2022.01.29-08.59.37:479][164]LogModuleManager: Shutting down and abandoning module IOSPlatformEditor (530)
[2022.01.29-08.59.37:479][164]LogModuleManager: Shutting down and abandoning module HTML5PlatformEditor (528)
[2022.01.29-08.59.37:479][164]LogModuleManager: Shutting down and abandoning module AndroidPlatformEditor (526)
[2022.01.29-08.59.37:479][164]LogModuleManager: Shutting down and abandoning module AndroidDeviceDetection (525)
[2022.01.29-08.59.38:492][164]LogModuleManager: Shutting down and abandoning module WindowsPlatformEditor (522)
[2022.01.29-08.59.38:492][164]LogModuleManager: Shutting down and abandoning module LuminRuntimeSettings (520)
[2022.01.29-08.59.38:492][164]LogModuleManager: Shutting down and abandoning module IOSRuntimeSettings (518)
[2022.01.29-08.59.38:492][164]LogModuleManager: Shutting down and abandoning module AndroidRuntimeSettings (516)
[2022.01.29-08.59.38:493][164]LogModuleManager: Shutting down and abandoning module TimeManagementEditor (514)
[2022.01.29-08.59.38:493][164]LogModuleManager: Shutting down and abandoning module InputBindingEditor (512)
[2022.01.29-08.59.38:493][164]LogModuleManager: Shutting down and abandoning module MergeActors (510)
[2022.01.29-08.59.38:493][164]LogModuleManager: Shutting down and abandoning module LocalizationDashboard (508)
[2022.01.29-08.59.38:493][164]LogModuleManager: Shutting down and abandoning module LocalizationService (507)
[2022.01.29-08.59.38:493][164]LogModuleManager: Shutting down and abandoning module HardwareTargeting (504)
[2022.01.29-08.59.38:493][164]LogModuleManager: Shutting down and abandoning module DeviceProfileEditor (502)
[2022.01.29-08.59.38:493][164]LogModuleManager: Shutting down and abandoning module UndoHistory (500)
[2022.01.29-08.59.38:493][164]LogModuleManager: Shutting down and abandoning module XmlParser (498)
[2022.01.29-08.59.38:493][164]LogModuleManager: Shutting down and abandoning module Blutility (496)
[2022.01.29-08.59.38:493][164]LogModuleManager: Shutting down and abandoning module ProjectSettingsViewer (494)
[2022.01.29-08.59.38:493][164]LogModuleManager: Shutting down and abandoning module ProjectTargetPlatformEditor (493)
[2022.01.29-08.59.38:494][164]LogModuleManager: Shutting down and abandoning module EditorSettingsViewer (490)
[2022.01.29-08.59.38:494][164]LogModuleManager: Shutting down and abandoning module SettingsEditor (488)
[2022.01.29-08.59.38:494][164]LogModuleManager: Shutting down and abandoning module ProjectLauncher (486)
[2022.01.29-08.59.38:494][164]LogModuleManager: Shutting down and abandoning module SessionFrontend (484)
[2022.01.29-08.59.38:494][164]LogModuleManager: Shutting down and abandoning module ProfilerClient (482)
[2022.01.29-08.59.38:494][164]LogModuleManager: Shutting down and abandoning module DeviceManager (480)
[2022.01.29-08.59.38:494][164]LogModuleManager: Shutting down and abandoning module TargetDeviceServices (479)
[2022.01.29-08.59.38:537][164]LogModuleManager: Shutting down and abandoning module AutomationController (476)
[2022.01.29-08.59.38:537][164]LogModuleManager: Shutting down and abandoning module AutomationWindow (474)
[2022.01.29-08.59.38:537][164]LogModuleManager: Shutting down and abandoning module Layers (472)
[2022.01.29-08.59.38:537][164]LogModuleManager: Shutting down and abandoning module ComponentVisualizers (470)
[2022.01.29-08.59.38:537][164]LogModuleManager: Shutting down and abandoning module DetailCustomizations (468)
[2022.01.29-08.59.38:537][164]LogModuleManager: Shutting down and abandoning module PackagesDialog (466)
[2022.01.29-08.59.38:537][164]LogModuleManager: Shutting down and abandoning module AnimationBlueprintEditor (464)
[2022.01.29-08.59.38:538][164]LogModuleManager: Shutting down and abandoning module Persona (462)
[2022.01.29-08.59.38:538][164]LogModuleManager: Shutting down and abandoning module AdvancedPreviewScene (461)
[2022.01.29-08.59.38:538][164]LogModuleManager: Shutting down and abandoning module AnimGraph (459)
[2022.01.29-08.59.38:538][164]LogModuleManager: Shutting down and abandoning module Kismet (456)
[2022.01.29-08.59.38:557][164]LogModuleManager: Shutting down and abandoning module GraphEditor (454)
[2022.01.29-08.59.38:557][164]LogModuleManager: Shutting down and abandoning module ClassViewer (452)
[2022.01.29-08.59.38:557][164]LogModuleManager: Shutting down and abandoning module Toolbox (450)
[2022.01.29-08.59.38:557][164]LogModuleManager: Shutting down and abandoning module ModuleUI (448)
[2022.01.29-08.59.38:558][164]LogModuleManager: Shutting down and abandoning module MovieSceneTools (446)
[2022.01.29-08.59.38:558][164]LogModuleManager: Shutting down and abandoning module OutputLog (444)
[2022.01.29-08.59.38:558][164]LogModuleManager: Shutting down and abandoning module GammaUI (442)
[2022.01.29-08.59.38:558][164]LogModuleManager: Shutting down and abandoning module Documentation (440)
[2022.01.29-08.59.38:558][164]LogModuleManager: Shutting down and abandoning module LiveCoding (438)
[2022.01.29-08.59.38:558][164]LogModuleManager: Shutting down and abandoning module LevelSequence (436)
[2022.01.29-08.59.38:558][164]LogModuleManager: Shutting down and abandoning module MovieSceneTracks (434)
[2022.01.29-08.59.38:558][164]LogModuleManager: Shutting down and abandoning module MovieScene (432)
[2022.01.29-08.59.38:558][164]LogModuleManager: Shutting down and abandoning module StreamingPauseRendering (430)
[2022.01.29-08.59.38:558][164]LogModuleManager: Shutting down and abandoning module LauncherPlatform (428)
[2022.01.29-08.59.38:559][164]LogModuleManager: Shutting down and abandoning module AnalyticsET (426)
[2022.01.29-08.59.38:559][164]LogModuleManager: Shutting down and abandoning module PortalServices (424)
[2022.01.29-08.59.38:559][164]LogModuleManager: Shutting down and abandoning module PortalRpc (422)
[2022.01.29-08.59.38:559][164]LogModuleManager: Shutting down and abandoning module MessagingRpc (420)
[2022.01.29-08.59.38:559][164]LogModuleManager: Shutting down and abandoning module AIModule (418)
[2022.01.29-08.59.38:559][164]LogModuleManager: Shutting down and abandoning module GameplayDebugger (417)
[2022.01.29-08.59.38:559][164]LogModuleManager: Shutting down and abandoning module AITestSuite (415)
[2022.01.29-08.59.38:559][164]LogModuleManager: Shutting down and abandoning module NavigationSystem (413)
[2022.01.29-08.59.38:559][164]LogModuleManager: Shutting down and abandoning module DesktopPlatform (410)
[2022.01.29-08.59.38:559][164]LogModuleManager: Shutting down and abandoning module ImageWriteQueue (408)
[2022.01.29-08.59.38:569][164]LogModuleManager: Shutting down and abandoning module ProfilerService (406)
[2022.01.29-08.59.38:585][164]LogModuleManager: Shutting down and abandoning module TaskGraph (404)
[2022.01.29-08.59.38:585][164]LogModuleManager: Shutting down and abandoning module SteamVRController (402)
[2022.01.29-08.59.38:585][164]LogModuleManager: Shutting down and abandoning module ProceduralMeshComponentEditor (400)
[2022.01.29-08.59.38:585][164]LogModuleManager: Shutting down and abandoning module ProceduralMeshComponent (398)
[2022.01.29-08.59.38:585][164]LogModuleManager: Shutting down and abandoning module OculusEditor (396)
[2022.01.29-08.59.38:586][164]LogModuleManager: Shutting down and abandoning module OculusInput (394)
[2022.01.29-08.59.38:586][164]LogModuleManager: Shutting down and abandoning module MobilePatchingUtils (392)
[2022.01.29-08.59.38:586][164]LogModuleManager: Shutting down and abandoning module EditableMesh (390)
[2022.01.29-08.59.38:586][164]LogModuleManager: Shutting down and abandoning module CustomMeshComponent (388)
[2022.01.29-08.59.38:586][164]LogModuleManager: Shutting down and abandoning module CableComponent (386)
[2022.01.29-08.59.38:586][164]LogModuleManager: Shutting down and abandoning module AudioCapture (384)
[2022.01.29-08.59.38:586][164]LogModuleManager: Shutting down and abandoning module ArchVisCharacter (382)
[2022.01.29-08.59.38:586][164]LogModuleManager: Shutting down and abandoning module AndroidPermission (380)
[2022.01.29-08.59.38:586][164]LogModuleManager: Shutting down and abandoning module NUTUnrealEngine4 (378)
[2022.01.29-08.59.38:586][164]LogModuleManager: Shutting down and abandoning module NetcodeUnitTest (376)
[2022.01.29-08.59.38:586][164]LogModuleManager: Shutting down and abandoning module MediaCompositing (374)
[2022.01.29-08.59.38:586][164]LogModuleManager: Shutting down and abandoning module LinearTimecode (372)
[2022.01.29-08.59.38:586][164]LogModuleManager: Shutting down and abandoning module ImgMedia (370)
[2022.01.29-08.59.38:587][164]LogModuleManager: Shutting down and abandoning module MagicLeapHelperVulkan (368)
[2022.01.29-08.59.38:587][164]LogModuleManager: Shutting down and abandoning module MagicLeapHelperOpenGL (366)
[2022.01.29-08.59.38:587][164]LogModuleManager: Shutting down and abandoning module MagicLeapAudio (364)
[2022.01.29-08.59.38:587][164]LogModuleManager: Shutting down and abandoning module HTML5Networking (362)
[2022.01.29-08.59.38:587][164]LogModuleManager: Shutting down and abandoning module GeometryCacheTracks (360)
[2022.01.29-08.59.38:587][164]LogModuleManager: Shutting down and abandoning module GeometryCacheSequencer (358)
[2022.01.29-08.59.38:587][164]LogModuleManager: Shutting down and abandoning module BackChannel (356)
[2022.01.29-08.59.38:587][164]LogModuleManager: Shutting down and abandoning module AppleVision (354)
[2022.01.29-08.59.38:587][164]LogModuleManager: Shutting down and abandoning module AppleImageUtilsBlueprintSupport (352)
[2022.01.29-08.59.38:587][164]LogModuleManager: Shutting down and abandoning module AppleImageUtils (350)
[2022.01.29-08.59.38:587][164]LogModuleManager: Shutting down and abandoning module AlembicImporter (348)
[2022.01.29-08.59.38:587][164]LogModuleManager: Shutting down and abandoning module AlembicLibrary (347)
[2022.01.29-08.59.38:587][164]LogModuleManager: Shutting down and abandoning module GeometryCache (346)
[2022.01.29-08.59.38:587][164]LogModuleManager: Shutting down and abandoning module GeometryCacheEd (345)
[2022.01.29-08.59.38:587][164]LogModuleManager: Shutting down and abandoning module VariantManagerContent (340)
[2022.01.29-08.59.38:588][164]LogModuleManager: Shutting down and abandoning module DatasmithContentEditor (338)
[2022.01.29-08.59.38:588][164]LogModuleManager: Shutting down and abandoning module SpeedTreeImporter (336)
[2022.01.29-08.59.38:588][164]LogModuleManager: Shutting down and abandoning module PluginBrowser (334)
[2022.01.29-08.59.38:588][164]LogModuleManager: Shutting down and abandoning module MobileLauncherProfileWizard (332)
[2022.01.29-08.59.38:588][164]LogModuleManager: Shutting down and abandoning module MaterialAnalyzer (330)
[2022.01.29-08.59.38:588][164]LogModuleManager: Shutting down and abandoning module CryptoKeysOpenSSL (328)
[2022.01.29-08.59.38:588][164]LogModuleManager: Shutting down and abandoning module CryptoKeys (326)
[2022.01.29-08.59.38:588][164]LogModuleManager: Shutting down and abandoning module VisualStudioSourceCodeAccess (324)
[2022.01.29-08.59.38:588][164]LogModuleManager: Shutting down and abandoning module VisualStudioCodeSourceCodeAccess (322)
[2022.01.29-08.59.38:588][164]LogModuleManager: Shutting down and abandoning module UObjectPlugin (320)
[2022.01.29-08.59.38:588][164]LogModuleManager: Shutting down and abandoning module SubversionSourceControl (318)
[2022.01.29-08.59.38:588][164]LogModuleManager: Shutting down and abandoning module PerforceSourceControl (316)
[2022.01.29-08.59.38:589][164]LogModuleManager: Shutting down and abandoning module GitSourceControl (314)
[2022.01.29-08.59.38:589][164]LogModuleManager: Shutting down and abandoning module SourceControl (313)
[2022.01.29-08.59.38:589][164]LogModuleManager: Shutting down and abandoning module CLionSourceCodeAccess (310)
[2022.01.29-08.59.38:589][164]LogModuleManager: Shutting down and abandoning module AnimationSharingEd (308)
[2022.01.29-08.59.38:589][164]LogModuleManager: Shutting down and abandoning module ActorLayerUtilitiesEditor (306)
[2022.01.29-08.59.38:589][164]LogModuleManager: Shutting down and abandoning module ActorLayerUtilities (304)
[2022.01.29-08.59.38:589][164]LogModuleManager: Shutting down and abandoning module LightPropagationVolumeEditor (302)
[2022.01.29-08.59.38:589][164]LogModuleManager: Shutting down and abandoning module PaperTiledImporter (300)
[2022.01.29-08.59.38:589][164]LogModuleManager: Shutting down and abandoning module PaperSpriteSheetImporter (298)
[2022.01.29-08.59.38:589][164]LogModuleManager: Shutting down and abandoning module Paper2DEditor (296)
[2022.01.29-08.59.38:589][164]LogModuleManager: Shutting down and abandoning module SignificanceManager (294)
[2022.01.29-08.59.38:589][164]LogModuleManager: Shutting down and abandoning module RuntimePhysXCooking (292)
[2022.01.29-08.59.38:590][164]LogModuleManager: Shutting down and abandoning module PhysXVehiclesEditor (290)
[2022.01.29-08.59.38:590][164]LogModuleManager: Shutting down and abandoning module PhysXVehicles (288)
[2022.01.29-08.59.38:590][164]LogModuleManager: Shutting down and abandoning module LocationServicesBPLibrary (286)
[2022.01.29-08.59.38:590][164]LogModuleManager: Shutting down and abandoning module ActorSequence (284)
[2022.01.29-08.59.38:590][164]LogModuleManager: Shutting down and abandoning module UdpMessaging (282)
[2022.01.29-08.59.38:691][164]LogModuleManager: Shutting down and abandoning module TcpMessaging (280)
[2022.01.29-08.59.38:792][164]LogModuleManager: Shutting down and abandoning module MagicLeapIdentity (278)
[2022.01.29-08.59.38:792][164]LogModuleManager: Shutting down and abandoning module MagicLeapSecureStorage (276)
[2022.01.29-08.59.38:792][164]LogModuleManager: Shutting down and abandoning module MagicLeapHandTracking (274)
[2022.01.29-08.59.38:792][164]LogModuleManager: Shutting down and abandoning module MagicLeapEyeTracker (272)
[2022.01.29-08.59.38:792][164]LogModuleManager: Shutting down and abandoning module MagicLeapController (270)
[2022.01.29-08.59.38:792][164]LogSlate: Slate User Destroyed.  User Index 0, Is Virtual User: 0
[2022.01.29-08.59.38:792][164]LogModuleManager: Shutting down and abandoning module MagicLeapAR (268)
[2022.01.29-08.59.38:793][164]LogModuleManager: Shutting down and abandoning module AugmentedReality (267)
[2022.01.29-08.59.38:793][164]LogModuleManager: Shutting down and abandoning module GameplayTagsEditor (264)
[2022.01.29-08.59.38:793][164]LogModuleManager: Shutting down and abandoning module FacialAnimationEditor (262)
[2022.01.29-08.59.38:793][164]LogModuleManager: Shutting down and abandoning module FacialAnimation (260)
[2022.01.29-08.59.38:793][164]LogModuleManager: Shutting down and abandoning module DataValidation (258)
[2022.01.29-08.59.38:793][164]LogModuleManager: Shutting down and abandoning module AssetManagerEditor (256)
[2022.01.29-08.59.38:793][164]LogModuleManager: Shutting down and abandoning module LevelEditor (255)
[2022.01.29-08.59.38:795][164]LogModuleManager: Shutting down and abandoning module PixelInspectorModule (254)
[2022.01.29-08.59.38:795][164]LogModuleManager: Shutting down and abandoning module CommonMenuExtensions (252)
[2022.01.29-08.59.38:796][164]LogModuleManager: Shutting down and abandoning module MainFrame (250)
[2022.01.29-08.59.38:796][164]LogModuleManager: Shutting down and abandoning module HotReload (249)
[2022.01.29-08.59.38:797][164]LogModuleManager: Shutting down and abandoning module ContentBrowser (245)
[2022.01.29-08.59.38:799][164]LogModuleManager: Shutting down and abandoning module TreeMap (243)
[2022.01.29-08.59.38:799][164]LogModuleManager: Shutting down and abandoning module AnimationSharing (240)
[2022.01.29-08.59.38:800][164]LogModuleManager: Shutting down and abandoning module LightPropagationVolumeRuntime (238)
[2022.01.29-08.59.38:800][164]LogModuleManager: Shutting down and abandoning module AISupportModule (236)
[2022.01.29-08.59.38:800][164]LogModuleManager: Shutting down and abandoning module Paper2D (234)
[2022.01.29-08.59.38:800][164]LogModuleManager: Shutting down and abandoning module WindowsMoviePlayer (232)
[2022.01.29-08.59.38:800][164]LogModuleManager: Shutting down and abandoning module WebMMoviePlayer (230)
[2022.01.29-08.59.38:800][164]LogModuleManager: Shutting down and abandoning module PacketHandler (228)
[2022.01.29-08.59.38:800][164]LogModuleManager: Shutting down and abandoning module ClothingSystemEditor (226)
[2022.01.29-08.59.38:800][164]LogModuleManager: Shutting down and abandoning module ClothingSystemRuntime (224)
[2022.01.29-08.59.38:800][164]LogModuleManager: Shutting down and abandoning module MediaAssets (222)
[2022.01.29-08.59.38:800][164]LogModuleManager: Shutting down and abandoning module Overlay (220)
[2022.01.29-08.59.38:800][164]LogModuleManager: Shutting down and abandoning module OverlayEditor (219)
[2022.01.29-08.59.38:800][164]LogModuleManager: Shutting down and abandoning module VREditor (216)
[2022.01.29-08.59.38:801][164]LogModuleManager: Shutting down and abandoning module StringTableEditor (214)
[2022.01.29-08.59.38:801][164]LogModuleManager: Shutting down and abandoning module GameplayTasksEditor (212)
[2022.01.29-08.59.38:801][164]LogModuleManager: Shutting down and abandoning module BehaviorTreeEditor (210)
[2022.01.29-08.59.38:801][164]LogModuleManager: Shutting down and abandoning module FunctionalTesting (208)
[2022.01.29-08.59.38:801][164]LogModuleManager: Shutting down and abandoning module CollisionAnalyzer (206)
[2022.01.29-08.59.38:801][164]LogModuleManager: Shutting down and abandoning module WorkspaceMenuStructure (205)
[2022.01.29-08.59.38:801][164]LogModuleManager: Shutting down and abandoning module UMG (202)
[2022.01.29-08.59.38:801][164]LogModuleManager: Shutting down and abandoning module UMGEditor (201)
[2022.01.29-08.59.38:801][164]LogModuleManager: Shutting down and abandoning module Sequencer (200)
[2022.01.29-08.59.38:802][164]LogModuleManager: Shutting down and abandoning module MessageLog (197)
[2022.01.29-08.59.38:802][164]LogModuleManager: Shutting down and abandoning module SlateReflector (192)
[2022.01.29-08.59.38:802][164]LogModuleManager: Shutting down and abandoning module Slate (190)
[2022.01.29-08.59.38:802][164]LogModuleManager: Shutting down and abandoning module EditorStyle (188)
[2022.01.29-08.59.38:806][164]LogModuleManager: Shutting down and abandoning module UnrealEd (186)
[2022.01.29-08.59.38:806][164]LogModuleManager: Shutting down and abandoning module MRMesh (184)
[2022.01.29-08.59.38:806][164]LogModuleManager: Shutting down and abandoning module SourceCodeAccess (182)
[2022.01.29-08.59.38:806][164]LogModuleManager: Shutting down and abandoning module HeadMountedDisplay (180)
[2022.01.29-08.59.38:807][164]LogModuleManager: Shutting down and abandoning module XAudio2 (178)
[2022.01.29-08.59.38:807][164]LogModuleManager: Shutting down and abandoning module Networking (176)
[2022.01.29-08.59.38:807][164]LogModuleManager: Shutting down and abandoning module Core (174)
[2022.01.29-08.59.38:807][164]LogModuleManager: Shutting down and abandoning module KismetCompiler (172)
[2022.01.29-08.59.38:807][164]LogModuleManager: Shutting down and abandoning module MeshUtilities (170)
[2022.01.29-08.59.38:807][164]LogModuleManager: Shutting down and abandoning module MeshMergeUtilities (169)
[2022.01.29-08.59.38:807][164]LogModuleManager: Shutting down and abandoning module MeshReductionInterface (168)
[2022.01.29-08.59.38:807][164]LogModuleManager: Shutting down and abandoning module SkeletalMeshReduction (167)
[2022.01.29-08.59.38:807][164]LogModuleManager: Shutting down and abandoning module ProxyLODMeshReduction (165)
[2022.01.29-08.59.38:807][164]LogModuleManager: Shutting down and abandoning module QuadricMeshReduction (163)
[2022.01.29-08.59.38:808][164]LogModuleManager: Shutting down and abandoning module MaterialBaking (159)
[2022.01.29-08.59.38:808][164]LogModuleManager: Shutting down and abandoning module DerivedDataCache (154)
[2022.01.29-08.59.39:201][164]LogDerivedDataCache: Shutdown
[2022.01.29-08.59.39:201][164]LogModuleManager: Shutting down and abandoning module XGEController (152)
[2022.01.29-08.59.39:201][164]LogXGEController: Cleaning working directory: C:/Users/Andrew/AppData/Local/Temp/UnrealXGEWorkingDir/
[2022.01.29-08.59.39:202][164]LogModuleManager: Shutting down and abandoning module TargetPlatform (150)
[2022.01.29-08.59.39:202][164]LogModuleManager: Shutting down and abandoning module VulkanShaderFormat (149)
[2022.01.29-08.59.39:202][164]LogModuleManager: Shutting down and abandoning module ShaderFormatVectorVM (147)
[2022.01.29-08.59.39:202][164]LogModuleManager: Shutting down and abandoning module ShaderFormatOpenGL (145)
[2022.01.29-08.59.39:202][164]LogModuleManager: Shutting down and abandoning module ShaderFormatD3D (143)
[2022.01.29-08.59.39:202][164]LogModuleManager: Shutting down and abandoning module MetalShaderFormat (141)
[2022.01.29-08.59.39:202][164]LogModuleManager: Shutting down and abandoning module TextureFormatUncompressed (139)
[2022.01.29-08.59.39:202][164]LogModuleManager: Shutting down and abandoning module TextureFormatPVR (137)
[2022.01.29-08.59.39:202][164]LogModuleManager: Shutting down and abandoning module TextureFormatDXT (135)
[2022.01.29-08.59.39:202][164]LogModuleManager: Shutting down and abandoning module TextureFormatIntelISPCTexComp (133)
[2022.01.29-08.59.39:203][164]LogModuleManager: Shutting down and abandoning module TextureFormatASTC (131)
[2022.01.29-08.59.39:203][164]LogModuleManager: Shutting down and abandoning module ImageWrapper (130)
[2022.01.29-08.59.39:203][164]LogModuleManager: Shutting down and abandoning module TextureFormatAndroid (127)
[2022.01.29-08.59.39:203][164]LogModuleManager: Shutting down and abandoning module AudioFormatOpus (125)
[2022.01.29-08.59.39:203][164]LogModuleManager: Shutting down and abandoning module AudioFormatOgg (123)
[2022.01.29-08.59.39:203][164]LogModuleManager: Shutting down and abandoning module AudioFormatADPCM (121)
[2022.01.29-08.59.39:203][164]LogModuleManager: Shutting down and abandoning module LuminTargetPlatform (119)
[2022.01.29-08.59.39:205][164]LogModuleManager: Shutting down and abandoning module LinuxTargetPlatform (117)
[2022.01.29-08.59.39:205][164]LogModuleManager: Shutting down and abandoning module LinuxServerTargetPlatform (115)
[2022.01.29-08.59.39:205][164]LogModuleManager: Shutting down and abandoning module LinuxNoEditorTargetPlatform (113)
[2022.01.29-08.59.39:205][164]LogModuleManager: Shutting down and abandoning module LinuxClientTargetPlatform (111)
[2022.01.29-08.59.39:205][164]LogModuleManager: Shutting down and abandoning module TVOSTargetPlatform (109)
[2022.01.29-08.59.39:207][164]LogModuleManager: Shutting down and abandoning module Messaging (107)
[2022.01.29-08.59.39:207][164]LogModuleManager: Shutting down and abandoning module IOSTargetPlatform (105)
[2022.01.29-08.59.39:209][164]LogModuleManager: Shutting down and abandoning module HTML5TargetPlatform (103)
[2022.01.29-08.59.39:209][164]LogModuleManager: Shutting down and abandoning module AndroidTargetPlatform (101)
[2022.01.29-08.59.39:230][164]LogModuleManager: Shutting down and abandoning module WindowsTargetPlatform (99)
[2022.01.29-08.59.39:230][164]LogModuleManager: Shutting down and abandoning module WindowsServerTargetPlatform (97)
[2022.01.29-08.59.39:230][164]LogModuleManager: Shutting down and abandoning module WindowsNoEditorTargetPlatform (95)
[2022.01.29-08.59.39:230][164]LogModuleManager: Shutting down and abandoning module WindowsClientTargetPlatform (93)
[2022.01.29-08.59.39:230][164]LogModuleManager: Shutting down and abandoning module MacTargetPlatform (91)
[2022.01.29-08.59.39:230][164]LogModuleManager: Shutting down and abandoning module MacServerTargetPlatform (89)
[2022.01.29-08.59.39:231][164]LogModuleManager: Shutting down and abandoning module MacNoEditorTargetPlatform (87)
[2022.01.29-08.59.39:231][164]LogModuleManager: Shutting down and abandoning module MacClientTargetPlatform (85)
[2022.01.29-08.59.39:231][164]LogModuleManager: Shutting down and abandoning module AllDesktopTargetPlatform (83)
[2022.01.29-08.59.39:231][164]LogModuleManager: Shutting down and abandoning module InputCore (80)
[2022.01.29-08.59.39:231][164]LogModuleManager: Shutting down and abandoning module Settings (78)
[2022.01.29-08.59.39:231][164]LogModuleManager: Shutting down and abandoning module DirectoryWatcher (76)
[2022.01.29-08.59.39:231][164]LogModuleManager: Shutting down and abandoning module PhysXCooking (74)
[2022.01.29-08.59.39:231][164]LogModuleManager: Shutting down and abandoning module SteamVR (72)
[2022.01.29-08.59.39:231][164]LogHMD: Freeing OpenVRDLLHandle.
[2022.01.29-08.59.39:231][164]LogModuleManager: Shutting down and abandoning module OculusHMD (70)
[2022.01.29-08.59.39:232][164]LogModuleManager: Shutting down and abandoning module ExampleDeviceProfileSelector (68)
[2022.01.29-08.59.39:232][164]LogModuleManager: Shutting down and abandoning module LauncherChunkInstaller (66)
[2022.01.29-08.59.39:232][164]LogModuleManager: Shutting down and abandoning module OnlineBlueprintSupport (64)
[2022.01.29-08.59.39:232][164]LogModuleManager: Shutting down and abandoning module OnlineSubsystem (60)
[2022.01.29-08.59.39:234][164]LogModuleManager: Shutting down and abandoning module XMPP (55)
[2022.01.29-08.59.39:234][164]LogModuleManager: Shutting down and abandoning module WebSockets (54)
[2022.01.29-08.59.39:253][164]LogModuleManager: Shutting down and abandoning module HTTP (51)
[2022.01.29-08.59.39:253][164]LogHttp: Display: Http module shutting down, but needs to wait on 1 outstanding Http requests:
[2022.01.29-08.59.39:253][164]LogHttp: Display: 	verb=[POST] url=[https://datarouter.ol.epicgames.com/datarouter/api/v1/public/data?SessionID=%7B7A9282D5-444A-4DB6-294F-E18CD44FC884%7D&AppID=UEEditor.Rocket.Release&AppVersion=4.22.3-7053642%2B%2B%2BUE4%2BRelease-4.22&UserID=6bd8ffaa4ba13aeae06c2cb1975d81bd%7Ca1e6ecb9fa6246048931c31d5ccdae42%7C840993b2-1390-49e0-85c3-340f348818c8&AppEnvironment=datacollector-binary&UploadType=eteventstream] status=Processing
[2022.01.29-08.59.39:287][164]LogModuleManager: Shutting down and abandoning module SSL (50)
[2022.01.29-08.59.39:291][164]LogModuleManager: Shutting down and abandoning module WmfMedia (46)
[2022.01.29-08.59.39:294][164]LogModuleManager: Shutting down and abandoning module Media (45)
[2022.01.29-08.59.39:302][164]LogModuleManager: Shutting down and abandoning module MagicLeap (42)
[2022.01.29-08.59.39:302][164]LogModuleManager: Shutting down and abandoning module DatasmithContent (40)
[2022.01.29-08.59.39:303][164]LogModuleManager: Shutting down and abandoning module AnimationModifiers (38)
[2022.01.29-08.59.39:303][164]LogModuleManager: Shutting down and abandoning module PropertyEditor (37)
[2022.01.29-08.59.39:304][164]LogModuleManager: Shutting down and abandoning module AudioEditor (34)
[2022.01.29-08.59.39:304][164]LogModuleManager: Shutting down and abandoning module TextureCompressor (32)
[2022.01.29-08.59.39:304][164]LogModuleManager: Shutting down and abandoning module RenderCore (30)
[2022.01.29-08.59.39:304][164]LogModuleManager: Shutting down and abandoning module Landscape (28)
[2022.01.29-08.59.39:304][164]LogModuleManager: Shutting down and abandoning module SlateRHIRenderer (26)
[2022.01.29-08.59.39:305][164]LogModuleManager: Shutting down and abandoning module OpenGLDrv (24)
[2022.01.29-08.59.39:306][164]LogModuleManager: Shutting down and abandoning module D3D11RHI (22)
[2022.01.29-08.59.39:306][164]LogModuleManager: Shutting down and abandoning module AnimGraphRuntime (20)
[2022.01.29-08.59.39:306][164]LogModuleManager: Shutting down and abandoning module Renderer (18)
[2022.01.29-08.59.39:306][164]LogModuleManager: Shutting down and abandoning module Engine (16)
[2022.01.29-08.59.39:306][164]LogModuleManager: Shutting down and abandoning module CoreUObject (14)
[2022.01.29-08.59.39:306][164]LogModuleManager: Shutting down and abandoning module NetworkFile (12)
[2022.01.29-08.59.39:306][164]LogModuleManager: Shutting down and abandoning module CookedIterativeFile (10)
[2022.01.29-08.59.39:306][164]LogModuleManager: Shutting down and abandoning module StreamingFile (8)
[2022.01.29-08.59.39:306][164]LogModuleManager: Shutting down and abandoning module SandboxFile (6)
[2022.01.29-08.59.39:306][164]LogModuleManager: Shutting down and abandoning module PakFile (4)
[2022.01.29-08.59.39:306][164]LogModuleManager: Shutting down and abandoning module RSA (3)
[2022.01.29-08.59.39:320][164]LogExit: Exiting.
[2022.01.29-08.59.39:329][164]Log file closed, 01/29/22 10:59:39
